20250317 13:32:40.948137
Temp = 23.4*C
Hum = 46.8%
20250317 13:32:46.204911
Temp = 23.4*C
Hum = 46.5%
20250317 13:32:51.458710
Temp = 23.4*C
Hum = 46.5%
20250317 13:32:56.712626
Temp = 23.4*C
Hum = 46.4%
20250317 13:33:01.971366
Temp = 23.4*C
Hum = 46.4%
20250317 13:33:07.225477
Temp = 23.4*C
Hum = 46.4%
20250317 13:33:12.479571
Temp = 23.4*C
Hum = 46.4%
20250317 13:33:17.735516
Temp = 23.3*C
Hum = 46.4%
20250317 13:33:22.989421
Temp = 23.4*C
Hum = 46.5%
20250317 13:33:28.246427
Temp = 23.3*C
Hum = 46.4%
20250317 13:33:33.500368
Temp = 23.4*C
Hum = 46.4%
20250317 13:33:38.754257
Temp = 23.3*C
Hum = 46.4%
20250317 13:33:44.008038
Temp = 23.3*C
Hum = 46.4%
20250317 13:33:49.261963
Temp = 23.3*C
Hum = 46.5%
20250317 13:33:54.519240
Temp = 23.3*C
Hum = 46.5%
20250317 13:33:59.773110
Temp = 23.3*C
Hum = 46.5%
20250317 13:34:05.026852
Temp = 23.3*C
Hum = 46.5%
20250317 13:34:10.280698
Temp = 23.3*C
Hum = 46.5%
20250317 13:34:15.534626
Temp = 23.3*C
Hum = 46.5%
20250317 13:34:20.788509
Temp = 23.3*C
Hum = 46.6%
20250317 13:34:26.042230
Temp = 23.2*C
Hum = 46.5%
20250317 13:34:31.295931
Temp = 23.3*C
Hum = 46.6%
20250317 13:34:36.549653
Temp = 23.3*C
Hum = 46.6%
20250317 13:34:41.803451
Temp = 23.2*C
Hum = 46.5%
20250317 13:34:47.060484
Temp = 23.2*C
Hum = 46.6%
20250317 13:34:52.315686
Temp = 23.2*C
Hum = 46.6%
20250317 13:34:57.569569
Temp = 23.2*C
Hum = 46.6%
20250317 13:35:02.823467
Temp = 23.2*C
Hum = 46.6%
20250317 13:35:08.077482
Temp = 23.2*C
Hum = 46.6%
20250317 13:35:13.334521
Temp = 23.2*C
Hum = 46.6%
20250317 13:35:18.588252
Temp = 23.2*C
Hum = 46.7%
20250317 13:35:23.842128
Temp = 23.2*C
Hum = 46.7%
20250317 13:35:29.095907
Temp = 23.2*C
Hum = 46.7%
20250317 13:35:34.352988
Temp = 23.2*C
Hum = 46.7%
20250317 13:35:39.606801
Temp = 23.2*C
Hum = 46.7%
20250317 13:35:44.860426
Temp = 23.2*C
Hum = 46.7%
20250317 13:35:50.114309
Temp = 23.2*C
Hum = 46.7%
20250317 13:35:55.368144
Temp = 23.2*C
Hum = 46.7%
20250317 13:36:00.625239
Temp = 23.2*C
Hum = 46.7%
20250317 13:36:05.879157
Temp = 23.1*C
Hum = 46.7%
20250317 13:36:11.133172
Temp = 23.1*C
Hum = 46.8%
20250317 13:36:16.387076
Temp = 23.1*C
Hum = 46.8%
20250317 13:36:21.640895
Temp = 23.1*C
Hum = 46.8%
20250317 13:36:26.894693
Temp = 23.1*C
Hum = 46.8%
20250317 13:36:32.148482
Temp = 23.1*C
Hum = 46.8%
20250317 13:36:37.402238
Temp = 23.1*C
Hum = 46.8%
20250317 13:36:42.655970
Temp = 23.1*C
Hum = 46.9%
20250317 13:36:47.909873
Temp = 23.1*C
Hum = 46.8%
20250317 13:36:53.166989
Temp = 23.1*C
Hum = 46.9%
20250317 13:36:58.420764
Temp = 23.1*C
Hum = 46.9%
20250317 13:37:03.674513
Temp = 23.1*C
Hum = 46.9%
20250317 13:37:08.928437
Temp = 23.1*C
Hum = 46.9%
20250317 13:37:14.182287
Temp = 23.1*C
Hum = 46.9%
20250317 13:37:19.439420
Temp = 23.0*C
Hum = 46.9%
20250317 13:37:24.693130
Temp = 23.1*C
Hum = 46.9%
20250317 13:37:29.946947
Temp = 23.0*C
Hum = 47.0%
20250317 13:37:35.200723
Temp = 23.0*C
Hum = 47.0%
20250317 13:37:40.454514
Temp = 23.1*C
Hum = 47.0%
20250317 13:37:45.708466
Temp = 23.0*C
Hum = 47.1%
20250317 13:37:50.962422
Temp = 23.0*C
Hum = 48.1%
20250317 13:37:56.216293
Temp = 23.1*C
Hum = 50.4%
20250317 13:38:01.470103
Temp = 23.1*C
Hum = 49.9%
20250317 13:38:06.723918
Temp = 23.2*C
Hum = 49.2%
20250317 13:38:11.977830
Temp = 23.2*C
Hum = 48.6%
20250317 13:38:17.231667
Temp = 23.4*C
Hum = 48.1%
20250317 13:38:22.485355
Temp = 23.4*C
Hum = 47.7%
20250317 13:38:27.738989
Temp = 23.6*C
Hum = 47.4%
20250317 13:38:32.992704
Temp = 23.6*C
Hum = 47.1%
20250317 13:38:38.246473
Temp = 23.7*C
Hum = 46.8%
20250317 13:38:43.500162
Temp = 23.8*C
Hum = 46.7%
20250317 13:38:48.753986
Temp = 23.9*C
Hum = 46.5%
20250317 13:38:54.007755
Temp = 24.0*C
Hum = 46.2%
20250317 13:38:59.261535
Temp = 24.0*C
Hum = 46.1%
20250317 13:39:04.515248
Temp = 24.1*C
Hum = 45.9%
20250317 13:39:09.769106
Temp = 24.2*C
Hum = 45.8%
Shutdown Detected
File Already Exists
20250317 13:39:15.251999
Temp = 22.3*C
Hum = 46.5%
20250317 13:39:20.511585
Temp = 22.2*C
Hum = 46.7%
20250317 13:39:25.765655
Checksum did not validate. Try again.
20250317 13:39:31.019655
Temp = 22.2*C
Hum = 46.7%
20250317 13:39:36.273588
Temp = 22.2*C
Hum = 46.7%
20250317 13:39:41.527534
Temp = 22.2*C
Hum = 46.9%
20250319 11:08:36.310782
Temp = 22.2*C
Hum = 46.9%
20250319 11:08:41.565332
Temp = 22.2*C
Hum = 46.9%
20250319 11:08:46.819268
Temp = 22.2*C
Hum = 46.9%
20250319 11:08:52.073210
Temp = 22.1*C
Hum = 46.9%
20250319 11:08:57.327110
A full buffer was not returned. Try again.
20250319 11:09:02.581147
Temp = 22.1*C
Hum = 47.0%
20250319 11:09:07.835657
Received unplausible data. Try again.
20250319 11:09:13.093061
Temp = 22.1*C
Hum = 46.9%
20250319 11:09:18.346966
Temp = 22.1*C
Hum = 46.9%
20250319 11:09:23.600907
Temp = 22.1*C
Hum = 46.9%
20250319 11:09:28.855336
Temp = 22.1*C
Hum = 46.9%
20250319 11:09:34.109958
Temp = 22.1*C
Hum = 46.9%
20250319 11:09:39.363940
Temp = 22.1*C
Hum = 46.9%
20250319 11:09:44.617883
Temp = 22.1*C
Hum = 46.9%
20250319 11:09:49.871904
Temp = 22.0*C
Hum = 46.9%
20250319 11:09:55.125843
Temp = 22.0*C
Hum = 46.9%
20250319 11:10:00.380336
Temp = 22.0*C
Hum = 47.0%
20250319 11:10:05.658131
Temp = 22.0*C
Hum = 47.2%
20250319 11:10:10.912247
Temp = 22.0*C
Hum = 47.2%
20250319 11:10:16.166255
Temp = 22.0*C
Hum = 47.3%
20250319 11:10:21.420216
Temp = 22.0*C
Hum = 47.9%
20250319 11:10:26.674150
Temp = 22.0*C
Hum = 48.1%
20250319 11:10:31.928047
Temp = 22.0*C
Hum = 48.0%
20250319 11:10:37.181992
Temp = 22.0*C
Hum = 47.8%
20250319 11:10:42.435698
Temp = 22.0*C
Hum = 47.6%
20250319 11:10:47.689646
Temp = 22.0*C
Hum = 47.5%
20250319 11:10:52.943533
Temp = 22.0*C
Hum = 47.4%
20250319 11:10:58.197396
Temp = 22.0*C
Hum = 47.3%
20250319 11:11:03.451250
Temp = 22.0*C
Hum = 47.3%
20250319 11:11:08.705218
Temp = 22.0*C
Hum = 47.2%
20250319 11:11:13.959272
Temp = 22.0*C
Hum = 47.1%
20250319 11:11:19.213292
Temp = 22.0*C
Hum = 47.2%
Recieved Keyboard Interrupt
File Already Exists
20250319 11:16:49.033467
Temp = 22.0*C
Hum = 47.3%
20250319 11:16:54.289762
Temp = 22.0*C
Hum = 47.3%
20250319 11:16:59.543952
Temp = 22.0*C
Hum = 47.2%
20250319 11:17:04.798134
Temp = 22.0*C
Hum = 47.2%
20250319 11:17:10.052235
Temp = 22.0*C
Hum = 47.3%
20250319 11:17:15.310500
Temp = 22.0*C
Hum = 47.4%
20250319 11:19:29.491912
Temp = 22.1*C
Hum = 47.3%
20250319 11:19:34.769425
Temp = 22.1*C
Hum = 47.3%
20250319 11:19:40.030092
Temp = 22.1*C
Hum = 47.3%
20250319 11:19:45.284187
Temp = 22.0*C
Hum = 47.2%
20250319 11:19:50.545427
Temp = 22.0*C
Hum = 47.2%
20250319 11:19:55.824348
Temp = 22.1*C
Hum = 47.2%
20250319 11:20:01.078489
Temp = 22.1*C
Hum = 47.2%
20250319 11:20:06.332564
Temp = 22.0*C
Hum = 47.2%
20250319 11:20:11.586083
Temp = 22.0*C
Hum = 47.2%
20250319 11:20:16.840085
Temp = 22.0*C
Hum = 47.2%
20250319 11:20:22.093823
Temp = 22.0*C
Hum = 47.2%
20250319 11:20:27.347785
Temp = 22.0*C
Hum = 47.2%
Recieved Keyboard Interrupt
Traceback (most recent call last):
  File "/home/pi/Documents/TempLogger/enviro_logger.py", line 86, in <module>
    time.sleep(5)
KeyboardInterrupt

During handling of the above exception, another exception occurred:

Traceback (most recent call last):
  File "/home/pi/Documents/TempLogger/enviro_logger.py", line 91, in <module>
    log.close()
KeyboardInterrupt
Lost access to message queue
File Already Exists
20250319 11:24:28.964877
Temp = 22.1*C
Hum = 47.2%
20250319 11:24:34.226578
Temp = 21.9*C
Hum = 47.5%
20250319 11:24:39.481216
Temp = 21.9*C
Hum = 47.5%
20250319 11:24:44.734850
Temp = 21.9*C
Hum = 47.5%
20250319 11:24:49.991151
Temp = 21.9*C
Hum = 47.5%
20250319 11:24:55.247944
Temp = 21.9*C
Hum = 47.6%
20250319 11:25:15.814299
Temp = 21.9*C
Hum = 47.5%
20250319 11:25:21.083505
Temp = 21.9*C
Hum = 47.6%
20250319 11:25:26.337385
Temp = 21.9*C
Hum = 47.6%
20250319 11:25:31.591206
Temp = 21.9*C
Hum = 47.6%
20250319 11:25:36.845181
Temp = 21.9*C
Hum = 47.5%
20250319 11:25:42.099203
Temp = 21.9*C
Hum = 47.6%
20250319 11:25:47.353223
Temp = 21.9*C
Hum = 47.6%
20250319 11:25:52.607255
Temp = 21.8*C
Hum = 47.6%
20250319 11:25:57.861183
Temp = 21.9*C
Hum = 47.6%
20250319 11:26:03.117599
Temp = 21.9*C
Hum = 47.5%
20250319 11:26:08.371768
Temp = 21.9*C
Hum = 47.6%
20250319 11:26:13.626248
Temp = 21.9*C
Hum = 47.6%
20250319 11:26:18.880176
Temp = 21.9*C
Hum = 47.5%
20250319 11:26:24.134120
Temp = 21.9*C
Hum = 47.6%
20250319 11:26:29.388129
Temp = 21.9*C
Hum = 47.5%
20250319 11:26:34.642130
Temp = 21.9*C
Hum = 47.5%
20250319 11:26:39.896102
Temp = 21.9*C
Hum = 47.6%
20250319 11:26:45.153428
Temp = 21.9*C
Hum = 47.5%
20250319 11:26:50.407478
Temp = 21.9*C
Hum = 47.5%
20250319 11:26:55.661237
Temp = 21.9*C
Hum = 47.5%
20250319 11:27:00.915106
Temp = 21.9*C
Hum = 47.5%
20250319 11:27:06.169107
Temp = 21.9*C
Hum = 47.5%
20250319 11:27:11.423087
Temp = 21.9*C
Hum = 47.5%
20250319 11:27:16.677012
Temp = 21.9*C
Hum = 47.6%
Recieved Keyboard Interrupt
received SIGINT

20250319 11:42:39.871721
Temp = 22.2*C
Hum = 46.8%
20250319 11:42:45.125376
Temp = 22.1*C
Hum = 47.0%
Recieved Keyboard Interrupt
File Already Exists
20250317 12:01:28.992251
Timesync failed: 1
Temp = 23.4*C
Hum = 47.3%
20250317 12:01:34.423903
Timesync failed: 2
Temp = 23.5*C
Hum = 46.5%
20250317 12:01:39.695365
Timesync failed: 3
Temp = 23.5*C
Hum = 46.2%
20250317 12:01:44.968499
Timesync failed: 4
Temp = 23.6*C
Hum = 46.0%
20250317 12:01:50.239916
Timesync failed: 5
Timesync failed. Restarting service
Temp = 23.6*C
Hum = 45.8%
20250319 12:13:14.974412
Temp = 23.6*C
Hum = 45.6%
20250319 12:13:20.271821
Timesync failed: 1
Temp = 23.6*C
Hum = 45.5%
20250319 12:13:25.525846
Timesync failed: 2
Temp = 23.7*C
Hum = 45.5%
20250319 12:13:30.779860
Timesync failed: 3
Temp = 23.7*C
Hum = 45.4%
20250319 12:13:36.033726
Timesync failed: 4
Temp = 23.7*C
Hum = 45.3%
20250319 12:13:41.290683
Timesync failed: 5
Timesync failed. Restarting service
Temp = 23.7*C
Hum = 45.3%
20250319 12:13:46.752397
Timesync failed: 1
Temp = 23.7*C
Hum = 45.2%
20250319 12:13:52.009577
Timesync failed: 2
Temp = 23.7*C
Hum = 45.3%
20250319 12:13:57.263442
Timesync failed: 3
Temp = 23.7*C
Hum = 45.4%
20250319 12:14:02.517324
Timesync failed: 4
Temp = 23.7*C
Hum = 45.3%
20250319 12:14:07.771113
Timesync failed: 5
Timesync failed. Restarting service
Temp = 23.8*C
Hum = 45.3%
20250319 12:14:13.212131
Timesync failed: 1
Temp = 23.8*C
Hum = 45.1%
20250319 12:14:18.465979
Timesync failed: 2
Temp = 23.8*C
Hum = 45.0%
20250319 12:14:23.719874
Timesync failed: 3
Temp = 23.8*C
Hum = 45.0%
20250319 12:14:28.973812
Timesync failed: 4
Temp = 23.8*C
Hum = 45.0%
20250319 12:14:34.227642
Timesync failed: 5
Timesync failed. Restarting service
Temp = 23.9*C
Hum = 44.9%
20250319 12:14:39.721281
Timesync failed: 1
Temp = 23.9*C
Hum = 44.9%
20250319 12:14:44.975258
Timesync failed: 2
Temp = 23.9*C
Hum = 45.0%
20250319 12:14:50.231202
Timesync failed: 3
Temp = 23.9*C
Hum = 44.9%
20250319 12:14:55.484949
Timesync failed: 4
Checksum did not validate. Try again.
20250319 12:15:00.739484
Timesync failed: 5
Timesync failed. Restarting service
Checksum did not validate. Try again.
20250319 12:15:06.189228
Timesync failed: 1
Temp = 24.0*C
Hum = 44.9%
20250319 12:15:11.442889
Timesync failed: 2
Temp = 24.0*C
Hum = 44.8%
Traceback (most recent call last):
  File "/home/pi/Documents/TempLogger/enviro_logger.py", line 113, in <module>
    time.sleep(5)
KeyboardInterrupt

During handling of the above exception, another exception occurred:

Traceback (most recent call last):
  File "/home/pi/Documents/TempLogger/enviro_logger.py", line 116, in <module>
    print("Recieved Keyboard Interrupt")
KeyboardInterrupt
received SIGINT
File Already Exists
20250319 12:18:06.944444
Temp = 24.0*C
Hum = 44.8%
20250319 12:18:12.349670
Timesync failed: 1
Recieved Keyboard Interrupt
51, 25, 50, 25, 51, 25, 50, 25, 50, 25, 51, 25, 50, 25, 51, 69, 51, 69, 50, 26, 49, 70, 49, 70, 49, 70, 49, 69, 51, 25, 50, 26, 50, 26, 50, 25, 50, 25, 51, 26, 49, 25, 51, 25, 50, 25, 51, 26, 50, 69, 50, 69, 82, 37, 50, 69, 51, 25, 49, 26, 50, 69, 50, 70, 50, 69, 50, 26, 49, 69, 50, 70, 50, 25, 50, 26, 50, 25, 50, 26, 50
File Already Exists
20250319 12:27:29.924381
Timesync failed: 1
Temp = 24.2*C
Hum = 42.8%
20250319 12:27:35.376842
Timesync failed: 2
Temp = 24.2*C
Hum = 42.6%
20250319 12:27:40.730706
Timesync failed: 3
Temp = 24.1*C
Hum = 42.6%
20250319 12:27:46.068409
Timesync failed: 4
Temp = 24.1*C
Hum = 42.6%
20250319 12:27:51.342506
Timesync failed: 5
Timesync failed. Restarting service
Temp = 24.1*C
Hum = 42.6%
20250319 12:27:56.762923
Timesync failed: 1
Temp = 24.1*C
Hum = 42.7%
20250319 12:28:02.112075
Timesync failed: 2
Temp = 24.1*C
Hum = 42.7%
20250319 12:28:07.409259
Timesync failed: 3
Temp = 24.1*C
Hum = 42.7%
20250319 12:28:12.704137
Timesync failed: 4
Temp = 24.1*C
Hum = 42.7%
20250319 12:28:18.002018
Timesync failed: 5
Timesync failed. Restarting service
Temp = 24.0*C
Hum = 42.8%
20250319 12:28:23.504455
Timesync failed: 1
Temp = 24.0*C
Hum = 42.7%
20250319 12:28:28.798035
Timesync failed: 2
Temp = 24.0*C
Hum = 42.8%
20250319 12:28:34.094834
Timesync failed: 3
Temp = 24.0*C
Hum = 42.8%
20250319 12:28:39.392776
Timesync failed: 4
Temp = 24.1*C
Hum = 42.9%
20250319 12:28:44.690553
Timesync failed: 5
Timesync failed. Restarting service
Temp = 24.0*C
Hum = 42.9%
20250319 12:28:50.172919
Timesync failed: 1
Temp = 24.1*C
Hum = 42.9%
20250319 12:28:55.469860
Timesync failed: 2
Temp = 24.1*C
Hum = 42.9%
20250319 12:29:00.767697
Timesync failed: 3
Temp = 24.0*C
Hum = 42.9%
20250319 12:29:06.059524
Timesync failed: 4
Temp = 24.1*C
Hum = 42.9%
20250319 12:29:11.356652
Timesync failed: 5
Timesync failed. Restarting service
Temp = 24.1*C
Hum = 42.9%
20250319 12:29:16.876895
Timesync failed: 1
Temp = 24.1*C
Hum = 42.9%
20250319 12:29:22.169854
Timesync failed: 2
Temp = 24.1*C
Hum = 42.9%
20250319 12:29:27.462627
Timesync failed: 3
Temp = 24.1*C
Hum = 42.8%
20250319 12:29:32.759583
Timesync failed: 4
Temp = 24.1*C
Hum = 42.8%
20250319 12:29:38.051776
Timesync failed: 5
Timesync failed. Restarting service
Temp = 24.1*C
Hum = 42.9%
20250319 12:29:43.563334
Timesync failed: 1
Temp = 24.1*C
Hum = 42.8%
20250319 12:29:48.911956
Timesync failed: 2
Temp = 24.1*C
Hum = 42.9%
20250319 12:29:54.208739
Timesync failed: 3
Temp = 24.1*C
Hum = 42.9%
20250319 12:29:59.506445
Timesync failed: 4
Temp = 24.1*C
Hum = 42.9%
20250319 12:30:04.802773
Timesync failed: 5
Timesync failed. Restarting service
Temp = 24.1*C
Hum = 42.9%
20250319 12:30:10.306190
Timesync failed: 1
Temp = 24.0*C
Hum = 42.9%
20250319 12:30:15.604646
Timesync failed: 2
Temp = 24.0*C
Hum = 42.9%
20250319 12:30:20.901427
Timesync failed: 3
Temp = 24.1*C
Hum = 42.9%
20250319 12:30:26.195971
Timesync failed: 4
Temp = 24.1*C
Hum = 42.9%
20250319 12:30:31.489447
Timesync failed: 5
Timesync failed. Restarting service
Temp = 24.1*C
Hum = 42.9%
20250319 12:30:37.030288
Timesync failed: 1
Temp = 24.0*C
Hum = 42.9%
20250319 12:30:42.323944
Timesync failed: 2
Temp = 24.0*C
Hum = 43.0%
20250319 12:30:47.620356
Timesync failed: 3
Temp = 24.0*C
Hum = 42.9%
20250319 12:30:52.917458
Timesync failed: 4
Temp = 24.0*C
Hum = 42.9%
20250319 12:30:58.214935
Timesync failed: 5
Timesync failed. Restarting service
Temp = 24.0*C
Hum = 43.0%
20250319 12:31:03.715820
Timesync failed: 1
Temp = 24.0*C
Hum = 43.0%
20250319 12:31:09.012665
Timesync failed: 2
Temp = 24.0*C
Hum = 43.0%
20250319 12:31:14.318255
Timesync failed: 3
Temp = 24.0*C
Hum = 43.0%
20250319 12:31:19.663914
Timesync failed: 4
Temp = 24.0*C
Hum = 43.1%
20250319 12:31:24.961210
Timesync failed: 5
Timesync failed. Restarting service
Temp = 24.0*C
Hum = 43.0%
20250319 12:31:30.471502
Timesync failed: 1
Temp = 24.0*C
Hum = 43.1%
20250319 12:31:35.769036
Timesync failed: 2
Temp = 24.1*C
Hum = 43.1%
20250319 12:31:41.065735
Timesync failed: 3
Temp = 24.1*C
Hum = 43.1%
20250319 12:31:46.407884
Timesync failed: 4
Temp = 24.1*C
Hum = 43.1%
20250319 12:31:51.703096
Timesync failed: 5
Timesync failed. Restarting service
Temp = 24.1*C
Hum = 43.1%
20250319 12:31:57.186147
Timesync failed: 1
Temp = 24.1*C
Hum = 43.1%
20250319 12:32:02.482459
Timesync failed: 2
Temp = 24.1*C
Hum = 43.1%
20250319 12:32:07.779534
Timesync failed: 3
Temp = 24.1*C
Hum = 43.0%
20250319 12:32:13.072861
Timesync failed: 4
Temp = 24.1*C
Hum = 43.1%
20250319 12:32:18.370449
Timesync failed: 5
Timesync failed. Restarting service
Temp = 24.1*C
Hum = 43.1%
20250319 12:32:23.886945
Timesync failed: 1
Temp = 24.0*C
Hum = 43.2%
20250319 12:32:29.184655
Timesync failed: 2
Temp = 24.1*C
Hum = 43.1%
20250319 12:32:34.482265
Timesync failed: 3
Temp = 24.1*C
Hum = 43.1%
20250319 12:32:39.774963
Timesync failed: 4
Temp = 24.1*C
Hum = 43.1%
20250319 12:32:45.068045
Timesync failed: 5
Timesync failed. Restarting service
Temp = 24.1*C
Hum = 43.1%
20250319 12:32:50.578295
Timesync failed: 1
Temp = 24.1*C
Hum = 43.0%
20250319 12:32:55.879987
Timesync failed: 2
Temp = 24.1*C
Hum = 43.0%
20250319 12:33:01.176646
Timesync failed: 3
Temp = 24.1*C
Hum = 43.0%
20250319 12:33:06.520017
Timesync failed: 4
Temp = 24.1*C
Hum = 43.0%
20250319 12:33:11.813656
Timesync failed: 5
Timesync failed. Restarting service
Temp = 24.1*C
Hum = 43.0%
20250319 12:33:17.327840
Timesync failed: 1
Temp = 24.1*C
Hum = 43.1%
20250319 12:33:22.628127
Timesync failed: 2
Temp = 24.1*C
Hum = 43.1%
20250319 12:33:27.935911
Timesync failed: 3
Temp = 24.1*C
Hum = 43.1%
20250319 12:33:33.229510
Timesync failed: 4
Temp = 24.1*C
Hum = 43.1%
20250319 12:33:38.607710
Timesync failed: 5
Timesync failed. Restarting service
Temp = 24.1*C
Hum = 43.1%
20250319 12:33:44.122197
Timesync failed: 1
Temp = 24.1*C
Hum = 43.1%
20250319 12:33:49.421643
Timesync failed: 2
Temp = 24.1*C
Hum = 43.1%
20250319 12:33:54.797041
Timesync failed: 3
Temp = 24.1*C
Hum = 43.1%
20250319 12:34:00.117911
Timesync failed: 4
Temp = 24.1*C
Hum = 43.1%
20250319 12:34:05.431973
Timesync failed: 5
Timesync failed. Restarting service
Temp = 24.1*C
Hum = 43.1%
20250319 12:34:10.991251
Timesync failed: 1
Temp = 24.1*C
Hum = 43.1%
20250319 12:34:16.697822
Timesync failed: 2
Temp = 24.1*C
Hum = 43.0%
20250319 12:34:22.077159
Timesync failed: 3
Temp = 24.1*C
Hum = 43.0%
20250319 12:34:27.378068
Timesync failed: 4
Temp = 24.2*C
Hum = 43.1%
20250319 12:34:32.678959
Timesync failed: 5
Timesync failed. Restarting service
Temp = 24.2*C
Hum = 43.0%
20250319 12:34:38.212526
Timesync failed: 1
Temp = 24.1*C
Hum = 43.0%
20250319 12:34:43.929843
Timesync failed: 2
Temp = 24.1*C
Hum = 43.0%
20250319 12:34:49.223444
Timesync failed: 3
Temp = 24.2*C
Hum = 43.0%
20250319 12:34:54.601741
Timesync failed: 4
Temp = 24.1*C
Hum = 43.0%
20250319 12:34:59.898505
Timesync failed: 5
Timesync failed. Restarting service
Temp = 24.1*C
Hum = 43.0%
20250319 12:35:05.414499
Timesync failed: 1
Temp = 24.1*C
Hum = 43.0%
20250319 12:35:10.715851
Timesync failed: 2
Temp = 24.1*C
Hum = 43.0%
20250319 12:35:16.013919
Timesync failed: 3
Temp = 24.1*C
Hum = 43.0%
20250319 12:35:21.311536
Timesync failed: 4
Temp = 24.1*C
Hum = 43.1%
20250319 12:35:26.609866
Timesync failed: 5
Timesync failed. Restarting service
Temp = 24.1*C
Hum = 43.1%
20250319 12:35:32.157958
Timesync failed: 1
Temp = 24.1*C
Hum = 43.2%
20250319 12:35:37.455465
Timesync failed: 2
Temp = 24.1*C
Hum = 43.2%
20250319 12:35:42.833587
Timesync failed: 3
Temp = 24.1*C
Hum = 43.2%
20250319 12:35:48.129791
Timesync failed: 4
Temp = 24.1*C
Hum = 43.3%
20250319 12:35:53.430038
Timesync failed: 5
Timesync failed. Restarting service
Temp = 24.1*C
Hum = 43.3%
20250319 12:35:58.948578
Timesync failed: 1
Temp = 24.1*C
Hum = 43.2%
20250319 12:36:04.245729
Timesync failed: 2
Temp = 24.1*C
Hum = 43.2%
20250319 12:36:09.544060
Timesync failed: 3
Temp = 24.1*C
Hum = 43.2%
20250319 12:36:14.937872
Timesync failed: 4
Temp = 24.1*C
Hum = 43.2%
20250319 12:36:20.236488
Timesync failed: 5
Timesync failed. Restarting service
Temp = 24.2*C
Hum = 43.2%
20250319 12:36:25.722309
Timesync failed: 1
Temp = 24.2*C
Hum = 43.1%
20250319 12:36:31.025614
Timesync failed: 2
Temp = 24.2*C
Hum = 43.1%
20250319 12:36:36.322508
Timesync failed: 3
Temp = 24.2*C
Hum = 43.2%
20250319 12:36:41.616267
Timesync failed: 4
Temp = 24.3*C
Hum = 43.1%
20250319 12:36:46.913886
Timesync failed: 5
Timesync failed. Restarting service
Temp = 24.3*C
Hum = 43.1%
20250319 12:36:52.414445
Timesync failed: 1
Temp = 24.3*C
Hum = 43.0%
20250319 12:36:57.728626
Timesync failed: 2
Temp = 24.3*C
Hum = 43.0%
20250319 12:37:03.029881
Timesync failed: 3
Temp = 24.3*C
Hum = 43.0%
20250319 12:37:08.326190
Timesync failed: 4
Temp = 24.4*C
Hum = 43.1%
20250319 12:37:13.634266
Timesync failed: 5
Timesync failed. Restarting service
Checksum did not validate. Try again.
20250319 12:37:19.190473
Timesync failed: 1
Temp = 24.4*C
Hum = 42.9%
20250319 12:37:24.486274
Timesync failed: 2
Temp = 24.4*C
Hum = 42.9%
20250319 12:37:29.780183
Timesync failed: 3
Temp = 24.4*C
Hum = 42.8%
20250319 12:37:35.076942
Timesync failed: 4
Temp = 24.5*C
Hum = 42.8%
20250319 12:37:40.372086
Timesync failed: 5
Timesync failed. Restarting service
Temp = 24.5*C
Hum = 42.7%
20250319 12:37:45.894285
Timesync failed: 1
Temp = 24.5*C
Hum = 42.7%
20250319 12:37:51.191636
Timesync failed: 2
Temp = 24.5*C
Hum = 42.7%
20250319 12:37:56.483776
Timesync failed: 3
Temp = 24.5*C
Hum = 42.6%
20250319 12:38:01.777276
Timesync failed: 4
Temp = 24.5*C
Hum = 42.7%
20250319 12:38:07.074396
Timesync failed: 5
Timesync failed. Restarting service
Checksum did not validate. Try again.
20250319 12:38:12.581887
Timesync failed: 1
Temp = 24.6*C
Hum = 42.5%
20250319 12:38:17.873868
Timesync failed: 2
Temp = 24.6*C
Hum = 42.5%
20250319 12:38:23.454228
Timesync failed: 3
Temp = 24.6*C
Hum = 42.5%
20250319 12:38:28.753818
Timesync failed: 4
Temp = 24.6*C
Hum = 42.4%
20250319 12:38:34.098272
Timesync failed: 5
Timesync failed. Restarting service
Temp = 24.6*C
Hum = 42.4%
20250319 12:38:39.649912
Timesync failed: 1
Temp = 24.7*C
Hum = 42.4%
20250319 12:38:45.366313
Timesync failed: 2
Temp = 24.7*C
Hum = 42.3%
20250319 12:38:50.663280
Timesync failed: 3
Temp = 24.7*C
Hum = 42.3%
20250319 12:38:55.959275
Timesync failed: 4
Temp = 24.7*C
Hum = 42.3%
20250319 12:39:01.338156
Timesync failed: 5
Timesync failed. Restarting service
Temp = 24.7*C
Hum = 42.3%
20250319 12:39:06.822302
Timesync failed: 1
Temp = 24.7*C
Hum = 42.2%
20250319 12:39:12.175995
Timesync failed: 2
Temp = 24.7*C
Hum = 42.2%
20250319 12:39:17.472800
Timesync failed: 3
Temp = 24.8*C
Hum = 42.2%
20250319 12:39:22.815201
Timesync failed: 4
Temp = 24.8*C
Hum = 42.1%
20250319 12:39:28.159977
Timesync failed: 5
Timesync failed. Restarting service
Temp = 24.7*C
Hum = 42.2%
20250319 12:39:33.645969
Timesync failed: 1
Temp = 24.7*C
Hum = 42.1%
20250319 12:39:39.418265
Timesync failed: 2
Temp = 24.7*C
Hum = 42.2%
20250319 12:39:44.796805
Timesync failed: 3
Temp = 24.8*C
Hum = 42.1%
20250319 12:39:50.089376
Timesync failed: 4
Temp = 24.8*C
Hum = 42.1%
20250319 12:39:55.386287
Timesync failed: 5
Timesync failed. Restarting service
Temp = 24.8*C
Hum = 42.1%
20250319 12:40:00.901881
Timesync failed: 1
Temp = 24.8*C
Hum = 42.1%
20250319 12:40:06.195353
Timesync failed: 2
Temp = 24.8*C
Hum = 42.1%
20250319 12:40:11.492298
Timesync failed: 3
Temp = 24.8*C
Hum = 42.1%
20250319 12:40:16.889857
Timesync failed: 4
Temp = 24.8*C
Hum = 42.0%
20250319 12:40:22.207891
Timesync failed: 5
Timesync failed. Restarting service
Temp = 24.8*C
Hum = 42.0%
20250319 12:40:27.686297
Timesync failed: 1
Temp = 24.8*C
Hum = 42.0%
20250319 12:40:33.462256
Timesync failed: 2
Temp = 24.8*C
Hum = 42.0%
20250319 12:40:38.758638
Timesync failed: 3
Temp = 24.8*C
Hum = 41.9%
20250319 12:40:44.056312
Timesync failed: 4
Temp = 24.8*C
Hum = 42.0%
20250319 12:40:49.352670
Timesync failed: 5
Timesync failed. Restarting service
Temp = 24.8*C
Hum = 42.0%
20250319 12:40:54.883997
Timesync failed: 1
Temp = 24.8*C
Hum = 42.0%
20250319 12:41:00.235930
Timesync failed: 2
Temp = 24.8*C
Hum = 42.0%
20250319 12:41:05.532217
Timesync failed: 3
Temp = 24.8*C
Hum = 42.0%
20250319 12:41:10.838255
Timesync failed: 4
Temp = 24.9*C
Hum = 42.0%
20250319 12:41:16.134605
Timesync failed: 5
Timesync failed. Restarting service
Temp = 24.9*C
Hum = 41.9%
20250319 12:41:21.657844
Timesync failed: 1
Temp = 24.9*C
Hum = 41.9%
20250319 12:41:26.960006
Timesync failed: 2
Temp = 24.9*C
Hum = 41.9%
20250319 12:41:32.257365
Timesync failed: 3
Temp = 24.9*C
Hum = 41.9%
20250319 12:41:37.565143
Timesync failed: 4
Temp = 24.9*C
Hum = 41.9%
20250319 12:41:42.866267
Timesync failed: 5
Timesync failed. Restarting service
Temp = 24.9*C
Hum = 41.9%
20250319 12:41:48.377885
Timesync failed: 1
Temp = 24.9*C
Hum = 41.9%
20250319 12:41:53.675954
Timesync failed: 2
Temp = 24.9*C
Hum = 41.9%
20250319 12:41:58.984007
Timesync failed: 3
Temp = 24.9*C
Hum = 41.9%
20250319 12:42:04.281291
Timesync failed: 4
Temp = 24.9*C
Hum = 41.9%
20250319 12:42:09.582252
Timesync failed: 5
Timesync failed. Restarting service
Temp = 24.9*C
Hum = 41.9%
20250319 12:42:15.081519
Timesync failed: 1
Temp = 24.9*C
Hum = 41.9%
20250319 12:42:20.427899
Timesync failed: 2
Temp = 24.9*C
Hum = 41.9%
20250319 12:42:25.721791
Timesync failed: 3
Temp = 24.9*C
Hum = 41.9%
20250319 12:42:31.061939
Timesync failed: 4
Temp = 24.9*C
Hum = 41.8%
20250319 12:42:36.360680
Timesync failed: 5
Timesync failed. Restarting service
Temp = 24.9*C
Hum = 41.9%
20250319 12:42:41.828194
Timesync failed: 1
Temp = 24.9*C
Hum = 41.9%
20250319 12:42:47.160277
Timesync failed: 2
Temp = 24.9*C
Hum = 41.9%
20250319 12:42:52.464027
Timesync failed: 3
Temp = 24.9*C
Hum = 41.9%
20250319 12:42:57.758615
Timesync failed: 4
Temp = 24.9*C
Hum = 41.9%
20250319 12:43:03.055222
Timesync failed: 5
Timesync failed. Restarting service
Temp = 24.9*C
Hum = 41.8%
20250319 12:43:08.546754
Timesync failed: 1
Temp = 24.9*C
Hum = 41.8%
20250319 12:43:13.840067
Timesync failed: 2
Temp = 24.9*C
Hum = 41.8%
20250319 12:43:19.159962
Timesync failed: 3
Temp = 24.9*C
Hum = 41.8%
20250319 12:43:24.457048
Timesync failed: 4
Temp = 24.9*C
Hum = 41.8%
20250319 12:43:29.749711
Timesync failed: 5
Timesync failed. Restarting service
Temp = 25.0*C
Hum = 41.8%
20250319 12:43:35.268695
Timesync failed: 1
Temp = 25.0*C
Hum = 41.8%
20250319 12:43:40.619202
Timesync failed: 2
Temp = 24.9*C
Hum = 41.8%
20250319 12:43:45.912051
Timesync failed: 3
Temp = 25.0*C
Hum = 41.8%
20250319 12:43:51.255968
Timesync failed: 4
Temp = 24.9*C
Hum = 41.8%
20250319 12:43:56.561098
Timesync failed: 5
Timesync failed. Restarting service
Temp = 25.0*C
Hum = 41.8%
20250319 12:44:02.046018
Timesync failed: 1
Temp = 24.9*C
Hum = 41.8%
20250319 12:44:07.387944
Timesync failed: 2
Temp = 24.9*C
Hum = 41.8%
20250319 12:44:12.707903
Timesync failed: 3
Temp = 24.9*C
Hum = 41.8%
20250319 12:44:18.051985
Timesync failed: 4
Temp = 24.9*C
Hum = 41.8%
20250319 12:44:23.350279
Timesync failed: 5
Timesync failed. Restarting service
Temp = 24.9*C
Hum = 41.8%
20250319 12:44:28.912042
Timesync failed: 1
Temp = 24.9*C
Hum = 41.9%
20250319 12:44:34.289054
Timesync failed: 2
Temp = 24.9*C
Hum = 41.9%
20250319 12:44:39.643934
Timesync failed: 3
Temp = 24.9*C
Hum = 41.9%
20250319 12:44:44.940030
Timesync failed: 4
Temp = 25.0*C
Hum = 41.9%
20250319 12:44:50.237099
Timesync failed: 5
Timesync failed. Restarting service
Temp = 25.0*C
Hum = 41.9%
20250319 12:44:55.760801
Timesync failed: 1
Temp = 24.9*C
Hum = 41.9%
20250319 12:45:01.497875
Timesync failed: 2
Temp = 25.0*C
Hum = 41.9%
20250319 12:45:06.795937
Timesync failed: 3
Temp = 24.9*C
Hum = 41.9%
20250319 12:45:12.106249
Timesync failed: 4
Temp = 24.9*C
Hum = 41.9%
20250319 12:45:17.404794
Timesync failed: 5
Timesync failed. Restarting service
Temp = 24.9*C
Hum = 41.9%
20250319 12:45:23.001920
Timesync failed: 1
Temp = 25.0*C
Hum = 41.9%
20250319 12:45:28.303415
Timesync failed: 2
Temp = 24.9*C
Hum = 41.9%
20250319 12:45:33.789829
Timesync failed: 3
Temp = 24.9*C
Hum = 41.9%
20250319 12:45:39.085880
Timesync failed: 4
Temp = 24.9*C
Hum = 41.9%
20250319 12:45:44.379178
Timesync failed: 5
Timesync failed. Restarting service
Temp = 24.9*C
Hum = 41.9%
20250319 12:45:49.861827
Timesync failed: 1
Temp = 24.9*C
Hum = 41.9%
20250319 12:45:55.153374
Timesync failed: 2
Temp = 25.0*C
Hum = 41.9%
20250319 12:46:00.499929
Timesync failed: 3
Temp = 25.0*C
Hum = 41.9%
20250319 12:46:05.797006
Timesync failed: 4
Temp = 25.0*C
Hum = 41.9%
20250319 12:46:11.094188
Timesync failed: 5
Timesync failed. Restarting service
Temp = 25.0*C
Hum = 41.9%
20250319 12:46:16.607306
Timesync failed: 1
Temp = 25.0*C
Hum = 42.0%
20250319 12:46:21.905225
Timesync failed: 2
Temp = 25.0*C
Hum = 41.9%
20250319 12:46:27.240150
Timesync failed: 3
Temp = 25.0*C
Hum = 41.9%
20250319 12:46:32.617443
Timesync failed: 4
Temp = 24.9*C
Hum = 41.9%
20250319 12:46:37.926254
Timesync failed: 5
Timesync failed. Restarting service
Temp = 24.9*C
Hum = 41.9%
20250319 12:46:43.400951
Timesync failed: 1
Temp = 24.9*C
Hum = 41.9%
20250319 12:46:48.697825
Timesync failed: 2
Temp = 24.9*C
Hum = 41.9%
20250319 12:46:53.990543
Timesync failed: 3
Temp = 25.0*C
Hum = 41.9%
20250319 12:46:59.286617
Timesync failed: 4
Temp = 24.9*C
Hum = 42.0%
20250319 12:47:04.631937
Timesync failed: 5
Timesync failed. Restarting service
Temp = 24.9*C
Hum = 42.0%
20250319 12:47:10.133471
Timesync failed: 1
Temp = 24.9*C
Hum = 41.9%
20250319 12:47:15.430129
Timesync failed: 2
Temp = 25.0*C
Hum = 41.9%
20250319 12:47:20.726590
Timesync failed: 3
Temp = 25.0*C
Hum = 41.9%
20250319 12:47:26.023295
Timesync failed: 4
Temp = 25.0*C
Hum = 41.9%
20250319 12:47:31.319481
Timesync failed: 5
Timesync failed. Restarting service
Temp = 24.9*C
Hum = 41.9%
20250319 12:47:36.837904
Timesync failed: 1
Temp = 24.9*C
Hum = 41.9%
20250319 12:47:42.139609
Timesync failed: 2
Temp = 24.9*C
Hum = 41.9%
20250319 12:47:47.436639
Timesync failed: 3
Temp = 24.9*C
Hum = 41.9%
20250319 12:47:52.736682
Timesync failed: 4
Temp = 24.9*C
Hum = 42.0%
20250319 12:47:58.030272
Timesync failed: 5
Timesync failed. Restarting service
Temp = 24.9*C
Hum = 42.0%
20250319 12:48:03.521674
Timesync failed: 1
Temp = 24.9*C
Hum = 42.0%
20250319 12:48:08.818941
Timesync failed: 2
Temp = 24.9*C
Hum = 42.0%
20250319 12:48:14.113594
Timesync failed: 3
Temp = 24.9*C
Hum = 42.0%
20250319 12:48:19.414313
Timesync failed: 4
Temp = 24.9*C
Hum = 42.0%
20250319 12:48:24.711257
Timesync failed: 5
Timesync failed. Restarting service
Temp = 24.9*C
Hum = 42.1%
20250319 12:48:30.219224
Timesync failed: 1
Temp = 24.9*C
Hum = 42.1%
20250319 12:48:35.516746
Timesync failed: 2
Temp = 24.9*C
Hum = 42.1%
20250319 12:48:40.814392
Timesync failed: 3
Temp = 24.9*C
Hum = 42.1%
20250319 12:48:46.117852
Timesync failed: 4
Temp = 24.9*C
Hum = 42.2%
20250319 12:48:51.414690
Timesync failed: 5
Timesync failed. Restarting service
Temp = 24.8*C
Hum = 42.1%
20250319 12:48:56.898888
Timesync failed: 1
Temp = 24.8*C
Hum = 42.2%
20250319 12:49:02.195474
Timesync failed: 2
Temp = 24.9*C
Hum = 42.2%
20250319 12:49:07.492977
Timesync failed: 3
Temp = 24.9*C
Hum = 42.2%
20250319 12:49:12.786558
Timesync failed: 4
Temp = 24.9*C
Hum = 42.3%
20250319 12:49:18.079486
Timesync failed: 5
Timesync failed. Restarting service
Temp = 24.9*C
Hum = 42.2%
20250319 12:49:23.567057
Timesync failed: 1
Temp = 24.9*C
Hum = 42.2%
20250319 12:49:28.863742
Timesync failed: 2
Temp = 24.9*C
Hum = 42.2%
20250319 12:49:34.207896
Timesync failed: 3
Temp = 24.9*C
Hum = 42.2%
20250319 12:49:39.527942
Timesync failed: 4
Temp = 24.9*C
Hum = 42.2%
20250319 12:49:44.824440
Timesync failed: 5
Timesync failed. Restarting service
Temp = 24.9*C
Hum = 42.2%
20250319 12:49:50.301439
Timesync failed: 1
Temp = 24.9*C
Hum = 42.3%
20250319 12:49:55.591362
Timesync failed: 2
Temp = 24.9*C
Hum = 42.2%
20250319 12:50:00.885101
Timesync failed: 3
Temp = 24.9*C
Hum = 42.2%
20250319 12:50:06.193732
Timesync failed: 4
Temp = 25.0*C
Hum = 42.2%
20250319 12:50:11.497819
Timesync failed: 5
Timesync failed. Restarting service
Temp = 25.0*C
Hum = 42.3%
20250319 12:50:17.055035
Timesync failed: 1
Temp = 25.0*C
Hum = 42.3%
20250319 12:50:22.346458
Timesync failed: 2
Temp = 25.0*C
Hum = 42.3%
20250319 12:50:27.691474
Timesync failed: 3
Temp = 25.1*C
Hum = 42.2%
20250319 12:50:32.994200
Timesync failed: 4
Temp = 25.1*C
Hum = 42.3%
20250319 12:50:38.306185
Timesync failed: 5
Timesync failed. Restarting service
Temp = 25.1*C
Hum = 42.2%
20250319 12:50:43.809966
Timesync failed: 1
Temp = 25.1*C
Hum = 42.2%
20250319 12:50:49.163465
Timesync failed: 2
Temp = 25.1*C
Hum = 42.1%
20250319 12:50:54.459751
Timesync failed: 3
Temp = 25.2*C
Hum = 42.1%
20250319 12:50:59.815421
Timesync failed: 4
Temp = 25.2*C
Hum = 42.1%
20250319 12:51:05.108883
Timesync failed: 5
Timesync failed. Restarting service
Temp = 25.2*C
Hum = 42.1%
20250319 12:51:10.606762
Timesync failed: 1
Temp = 25.2*C
Hum = 42.0%
20250319 12:51:15.903852
Timesync failed: 2
Temp = 25.2*C
Hum = 42.0%
20250319 12:51:21.201965
Timesync failed: 3
Temp = 25.3*C
Hum = 42.0%
20250319 12:51:26.499640
Timesync failed: 4
Temp = 25.3*C
Hum = 41.9%
20250319 12:51:31.849848
Timesync failed: 5
Timesync failed. Restarting service
Temp = 25.3*C
Hum = 41.9%
20250319 12:51:37.368058
Timesync failed: 1
Temp = 25.3*C
Hum = 41.8%
20250319 12:51:42.665103
Timesync failed: 2
Temp = 25.3*C
Hum = 41.9%
20250319 12:51:47.961581
Timesync failed: 3
Temp = 25.4*C
Hum = 41.8%
20250319 12:51:53.258948
Timesync failed: 4
Temp = 25.4*C
Hum = 41.8%
20250319 12:51:58.557141
Timesync failed: 5
Timesync failed. Restarting service
Temp = 25.4*C
Hum = 41.8%
20250319 12:52:04.039981
Timesync failed: 1
Temp = 25.4*C
Hum = 41.8%
20250319 12:52:09.337456
Timesync failed: 2
Temp = 25.4*C
Hum = 41.8%
20250319 12:52:14.716705
Timesync failed: 3
Temp = 25.4*C
Hum = 41.8%
20250319 12:52:20.014071
Timesync failed: 4
Temp = 25.4*C
Hum = 41.8%
20250319 12:52:25.411425
Timesync failed: 5
Timesync failed. Restarting service
Temp = 25.4*C
Hum = 41.7%
20250319 12:52:30.910338
Timesync failed: 1
Temp = 25.5*C
Hum = 41.7%
20250319 12:52:36.665872
Timesync failed: 2
Temp = 25.5*C
Hum = 41.6%
20250319 12:52:41.989870
Timesync failed: 3
Temp = 25.5*C
Hum = 41.6%
20250319 12:52:47.282169
Timesync failed: 4
Temp = 25.5*C
Hum = 41.6%
20250319 12:52:52.579727
Timesync failed: 5
Timesync failed. Restarting service
Temp = 25.5*C
Hum = 41.6%
20250319 12:52:58.144228
Timesync failed: 1
Temp = 25.5*C
Hum = 41.5%
20250319 12:53:03.526254
Timesync failed: 2
Temp = 25.5*C
Hum = 41.5%
20250319 12:53:08.832038
Timesync failed: 3
Temp = 25.5*C
Hum = 41.4%
20250319 12:53:14.179994
Timesync failed: 4
Temp = 25.5*C
Hum = 41.4%
20250319 12:53:19.481153
Timesync failed: 5
Timesync failed. Restarting service
Temp = 25.5*C
Hum = 41.4%
20250319 12:53:24.980214
Timesync failed: 1
Temp = 25.5*C
Hum = 41.4%
20250319 12:53:30.276952
Timesync failed: 2
Temp = 25.5*C
Hum = 41.4%
20250319 12:53:35.577835
Timesync failed: 3
Temp = 25.5*C
Hum = 41.4%
20250319 12:53:40.870676
Timesync failed: 4
Temp = 25.5*C
Hum = 41.4%
20250319 12:53:46.167100
Timesync failed: 5
Timesync failed. Restarting service
Temp = 25.6*C
Hum = 41.4%
20250319 12:53:51.666279
Timesync failed: 1
Temp = 25.6*C
Hum = 41.4%
20250319 12:53:56.978274
Timesync failed: 2
Temp = 25.6*C
Hum = 41.3%
20250319 12:54:02.332005
Timesync failed: 3
Temp = 25.6*C
Hum = 41.3%
20250319 12:54:07.628536
Timesync failed: 4
Temp = 25.6*C
Hum = 41.3%
20250319 12:54:12.987950
Timesync failed: 5
Timesync failed. Restarting service
Temp = 25.6*C
Hum = 41.3%
20250319 12:54:18.504122
Timesync failed: 1
Temp = 25.6*C
Hum = 41.2%
20250319 12:54:23.798883
Timesync failed: 2
Temp = 25.6*C
Hum = 41.2%
20250319 12:54:29.097896
Timesync failed: 3
Temp = 25.6*C
Hum = 41.2%
20250319 12:54:34.393821
Timesync failed: 4
Temp = 25.6*C
Hum = 41.2%
20250319 12:54:39.698259
Timesync failed: 5
Timesync failed. Restarting service
Temp = 25.6*C
Hum = 41.2%
20250319 12:54:45.185970
Timesync failed: 1
Temp = 25.6*C
Hum = 41.2%
20250319 12:54:50.477764
Timesync failed: 2
Temp = 25.6*C
Hum = 41.2%
20250319 12:54:55.774804
Timesync failed: 3
Temp = 25.6*C
Hum = 41.2%
20250319 12:55:01.071829
Timesync failed: 4
Temp = 25.6*C
Hum = 41.2%
20250319 12:55:06.369847
Timesync failed: 5
Timesync failed. Restarting service
Temp = 25.6*C
Hum = 41.2%
20250319 12:55:11.862324
Timesync failed: 1
Temp = 25.6*C
Hum = 41.1%
20250319 12:55:17.211932
Timesync failed: 2
Temp = 25.6*C
Hum = 41.2%
20250319 12:55:22.510818
Timesync failed: 3
Temp = 25.6*C
Hum = 41.1%
20250319 12:55:27.808919
Timesync failed: 4
Temp = 25.6*C
Hum = 41.2%
20250319 12:55:33.105777
Timesync failed: 5
Timesync failed. Restarting service
Temp = 25.6*C
Hum = 41.2%
20250319 12:55:38.602051
Timesync failed: 1
Temp = 25.6*C
Hum = 41.2%
20250319 12:55:43.893776
Timesync failed: 2
Temp = 25.7*C
Hum = 41.2%
20250319 12:55:49.190174
Timesync failed: 3
Temp = 25.7*C
Hum = 41.2%
20250319 12:55:54.487034
Timesync failed: 4
Temp = 25.7*C
Hum = 41.3%
20250319 12:55:59.780683
Timesync failed: 5
Timesync failed. Restarting service
Temp = 25.7*C
Hum = 41.2%
20250319 12:56:05.316083
Timesync failed: 1
Temp = 25.7*C
Hum = 41.2%
20250319 12:56:10.612741
Timesync failed: 2
Temp = 25.6*C
Hum = 41.1%
20250319 12:56:15.912768
Timesync failed: 3
Temp = 25.6*C
Hum = 41.1%
20250319 12:56:21.249801
Timesync failed: 4
Temp = 25.7*C
Hum = 41.1%
20250319 12:56:26.545862
Timesync failed: 5
Timesync failed. Restarting service
Temp = 25.7*C
Hum = 41.1%
20250319 12:56:32.081667
Timesync failed: 1
Temp = 25.6*C
Hum = 41.1%
20250319 12:56:37.373725
Timesync failed: 2
Temp = 25.6*C
Hum = 41.1%
20250319 12:56:42.669300
Timesync failed: 3
Temp = 25.6*C
Hum = 41.1%
20250319 12:56:47.966270
Timesync failed: 4
Temp = 25.7*C
Hum = 41.1%
20250319 12:56:53.263830
Timesync failed: 5
Timesync failed. Restarting service
Temp = 25.7*C
Hum = 41.1%
20250319 12:56:58.755401
Timesync failed: 1
Temp = 25.7*C
Hum = 41.1%
20250319 12:57:04.047108
Timesync failed: 2
Temp = 25.7*C
Hum = 41.0%
20250319 12:57:09.343530
Timesync failed: 3
Temp = 25.7*C
Hum = 41.0%
20250319 12:57:14.634747
Timesync failed: 4
Temp = 25.7*C
Hum = 41.1%
20250319 12:57:19.928471
Timesync failed: 5
Timesync failed. Restarting service
Temp = 25.7*C
Hum = 41.0%
20250319 12:57:25.422283
Timesync failed: 1
Temp = 25.7*C
Hum = 41.0%
20250319 12:57:30.713790
Timesync failed: 2
Temp = 25.7*C
Hum = 41.1%
20250319 12:57:36.011744
Timesync failed: 3
Temp = 25.7*C
Hum = 41.0%
20250319 12:57:41.308179
Timesync failed: 4
Temp = 25.7*C
Hum = 41.0%
20250319 12:57:46.604321
Timesync failed: 5
Timesync failed. Restarting service
Temp = 25.7*C
Hum = 41.1%
20250319 12:57:52.122274
Timesync failed: 1
Temp = 25.7*C
Hum = 41.0%
20250319 12:57:57.419209
Timesync failed: 2
Temp = 25.6*C
Hum = 41.0%
20250319 12:58:02.797555
Timesync failed: 3
Temp = 25.6*C
Hum = 41.0%
20250319 12:58:08.099964
Timesync failed: 4
Temp = 25.6*C
Hum = 41.1%
20250319 12:58:13.396741
Timesync failed: 5
Timesync failed. Restarting service
Temp = 25.6*C
Hum = 41.1%
20250319 12:58:18.880679
Timesync failed: 1
Temp = 25.6*C
Hum = 41.1%
20250319 12:58:24.180465
Timesync failed: 2
Temp = 25.6*C
Hum = 41.1%
20250319 12:58:29.485819
Timesync failed: 3
Temp = 25.6*C
Hum = 41.1%
20250319 12:58:34.864786
Timesync failed: 4
Temp = 25.6*C
Hum = 41.1%
20250319 12:58:40.207927
Timesync failed: 5
Timesync failed. Restarting service
Temp = 25.6*C
Hum = 41.1%
20250319 12:58:45.735996
Timesync failed: 1
Temp = 25.6*C
Hum = 41.1%
20250319 12:58:51.029868
Timesync failed: 2
Temp = 25.6*C
Hum = 41.1%
20250319 12:58:56.601814
Timesync failed: 3
Temp = 25.6*C
Hum = 41.2%
20250319 12:59:01.897835
Timesync failed: 4
Temp = 25.7*C
Hum = 41.2%
20250319 12:59:07.194817
Timesync failed: 5
Timesync failed. Restarting service
Temp = 25.6*C
Hum = 41.2%
20250319 12:59:12.699914
Timesync failed: 1
Temp = 25.7*C
Hum = 41.2%
20250319 12:59:17.997543
Timesync failed: 2
Temp = 25.7*C
Hum = 41.2%
20250319 12:59:23.296049
Timesync failed: 3
Temp = 25.7*C
Hum = 41.1%
20250319 12:59:28.697760
Timesync failed: 4
Temp = 25.7*C
Hum = 41.2%
20250319 12:59:33.994268
Timesync failed: 5
Timesync failed. Restarting service
Temp = 25.7*C
Hum = 41.1%
20250319 12:59:39.549908
Timesync failed: 1
Temp = 25.7*C
Hum = 41.1%
20250319 12:59:44.841737
Timesync failed: 2
Temp = 25.7*C
Hum = 41.1%
20250319 12:59:50.139673
Timesync failed: 3
Temp = 25.7*C
Hum = 41.2%
20250319 12:59:55.437003
Timesync failed: 4
Temp = 25.7*C
Hum = 41.1%
20250319 13:00:00.750258
Timesync failed: 5
Timesync failed. Restarting service
Temp = 25.7*C
Hum = 41.1%
20250319 13:00:06.265882
Timesync failed: 1
Temp = 25.7*C
Hum = 41.1%
20250319 13:00:11.565835
Timesync failed: 2
Temp = 25.7*C
Hum = 41.1%
20250319 13:00:17.145871
Timesync failed: 3
Temp = 25.6*C
Hum = 41.1%
20250319 13:00:22.445874
Timesync failed: 4
Temp = 25.6*C
Hum = 41.1%
20250319 13:00:27.753829
Timesync failed: 5
Timesync failed. Restarting service
Temp = 25.6*C
Hum = 41.1%
20250319 13:00:33.354274
Timesync failed: 1
Temp = 25.7*C
Hum = 41.1%
20250319 13:00:38.650784
Timesync failed: 2
Temp = 25.6*C
Hum = 41.1%
20250319 13:00:43.949876
Timesync failed: 3
Temp = 25.7*C
Hum = 41.1%
20250319 13:00:49.246901
Timesync failed: 4
Temp = 25.6*C
Hum = 41.1%
20250319 13:00:54.540301
Timesync failed: 5
Timesync failed. Restarting service
Temp = 25.7*C
Hum = 41.1%
20250319 13:01:00.053352
Timesync failed: 1
Temp = 25.6*C
Hum = 41.1%
20250319 13:01:05.350539
Timesync failed: 2
Temp = 25.7*C
Hum = 41.0%
20250319 13:01:10.699867
Timesync failed: 3
Temp = 25.7*C
Hum = 41.0%
20250319 13:01:16.007954
Timesync failed: 4
Temp = 25.7*C
Hum = 41.0%
20250319 13:01:21.305238
Timesync failed: 5
Timesync failed. Restarting service
Temp = 25.7*C
Hum = 41.0%
20250319 13:01:26.871075
Timesync failed: 1
Temp = 25.7*C
Hum = 41.0%
20250319 13:01:32.569820
Timesync failed: 2
Temp = 25.7*C
Hum = 41.0%
20250319 13:01:37.861528
Timesync failed: 3
Temp = 25.7*C
Hum = 41.0%
20250319 13:01:43.157912
Timesync failed: 4
Temp = 25.7*C
Hum = 41.0%
20250319 13:01:48.454374
Timesync failed: 5
Timesync failed. Restarting service
Temp = 25.7*C
Hum = 41.1%
20250319 13:01:53.965084
Timesync failed: 1
Temp = 25.7*C
Hum = 41.0%
20250319 13:01:59.262163
Timesync failed: 2
Temp = 25.7*C
Hum = 41.0%
20250319 13:02:04.825844
Timesync failed: 3
Temp = 25.7*C
Hum = 41.1%
20250319 13:02:10.124288
Timesync failed: 4
Temp = 25.7*C
Hum = 41.0%
20250319 13:02:15.419970
Timesync failed: 5
Timesync failed. Restarting service
Temp = 25.8*C
Hum = 41.0%
20250319 13:02:20.913963
Timesync failed: 1
Temp = 25.8*C
Hum = 41.0%
20250319 13:02:26.210407
Timesync failed: 2
Temp = 25.8*C
Hum = 41.0%
20250319 13:02:31.502189
Timesync failed: 3
Temp = 25.8*C
Hum = 41.0%
20250319 13:02:36.795303
Timesync failed: 4
Temp = 25.8*C
Hum = 40.9%
20250319 13:02:42.097872
Timesync failed: 5
Timesync failed. Restarting service
Temp = 25.8*C
Hum = 40.9%
20250319 13:02:47.594299
Timesync failed: 1
Temp = 25.8*C
Hum = 41.0%
20250319 13:02:52.900024
Timesync failed: 2
Temp = 25.8*C
Hum = 40.9%
20250319 13:02:58.197911
Timesync failed: 3
Temp = 25.8*C
Hum = 40.9%
20250319 13:03:03.494454
Timesync failed: 4
Temp = 25.8*C
Hum = 41.0%
20250319 13:03:08.791434
Timesync failed: 5
Timesync failed. Restarting service
Temp = 25.8*C
Hum = 41.0%
20250319 13:03:14.274558
Timesync failed: 1
Temp = 25.8*C
Hum = 41.0%
20250319 13:03:19.571044
Timesync failed: 2
Temp = 25.8*C
Hum = 41.1%
20250319 13:03:25.182236
Timesync failed: 3
Temp = 25.7*C
Hum = 41.1%
20250319 13:03:30.520265
Timesync failed: 4
Temp = 25.8*C
Hum = 41.1%
20250319 13:03:35.813388
Timesync failed: 5
Timesync failed. Restarting service
Temp = 25.8*C
Hum = 41.1%
20250319 13:03:41.343528
Timesync failed: 1
Temp = 25.8*C
Hum = 41.1%
20250319 13:03:46.633016
Timesync failed: 2
Temp = 25.8*C
Hum = 41.1%
20250319 13:03:51.928898
Timesync failed: 3
Temp = 25.8*C
Hum = 41.2%
20250319 13:03:57.221859
Timesync failed: 4
Temp = 25.8*C
Hum = 41.1%
20250319 13:04:02.518393
Timesync failed: 5
Timesync failed. Restarting service
Temp = 25.8*C
Hum = 41.0%
20250319 13:04:08.015229
Timesync failed: 1
Temp = 25.8*C
Hum = 41.0%
20250319 13:04:13.312636
Timesync failed: 2
Temp = 25.8*C
Hum = 41.1%
20250319 13:04:18.905845
Timesync failed: 3
Temp = 25.8*C
Hum = 41.0%
20250319 13:04:24.202611
Timesync failed: 4
Temp = 25.8*C
Hum = 41.0%
20250319 13:04:29.495431
Timesync failed: 5
Timesync failed. Restarting service
Temp = 25.8*C
Hum = 41.0%
20250319 13:04:34.975005
Timesync failed: 1
Temp = 25.8*C
Hum = 41.0%
20250319 13:04:40.311974
Timesync failed: 2
Temp = 25.8*C
Hum = 41.0%
20250319 13:04:45.620044
Timesync failed: 3
Temp = 25.8*C
Hum = 41.0%
20250319 13:04:50.943966
Timesync failed: 4
Temp = 25.8*C
Hum = 41.0%
20250319 13:04:56.241839
Timesync failed: 5
Timesync failed. Restarting service
Temp = 25.9*C
Hum = 41.0%
20250319 13:05:01.797934
Timesync failed: 1
Temp = 25.9*C
Hum = 41.0%
20250319 13:05:07.147909
Timesync failed: 2
Temp = 25.8*C
Hum = 41.0%
20250319 13:05:12.438867
Timesync failed: 3
Temp = 25.9*C
Hum = 41.0%
20250319 13:05:17.734846
Timesync failed: 4
Temp = 25.9*C
Hum = 40.9%
20250319 13:05:23.031337
Timesync failed: 5
Timesync failed. Restarting service
Temp = 25.9*C
Hum = 40.9%
20250319 13:05:28.522296
Timesync failed: 1
Temp = 25.9*C
Hum = 40.9%
20250319 13:05:33.819699
Timesync failed: 2
Temp = 25.9*C
Hum = 40.9%
20250319 13:05:39.113879
Timesync failed: 3
Temp = 25.9*C
Hum = 40.8%
20250319 13:05:44.541813
Timesync failed: 4
Temp = 25.9*C
Hum = 40.9%
20250319 13:05:49.848501
Timesync failed: 5
Timesync failed. Restarting service
Temp = 25.9*C
Hum = 40.9%
20250319 13:05:55.332870
Timesync failed: 1
Temp = 25.9*C
Hum = 40.9%
20250319 13:06:00.624537
Timesync failed: 2
Temp = 25.9*C
Hum = 40.8%
20250319 13:06:05.921368
Timesync failed: 3
Temp = 25.9*C
Hum = 40.8%
20250319 13:06:11.212456
Timesync failed: 4
Temp = 25.9*C
Hum = 40.8%
20250319 13:06:16.505375
Timesync failed: 5
Timesync failed. Restarting service
Temp = 25.9*C
Hum = 40.8%
20250319 13:06:22.011518
Timesync failed: 1
Temp = 25.9*C
Hum = 40.8%
20250319 13:06:27.550201
Timesync failed: 2
Temp = 25.9*C
Hum = 40.7%
20250319 13:06:32.850520
Timesync failed: 3
Temp = 25.9*C
Hum = 40.8%
20250319 13:06:38.148694
Timesync failed: 4
Temp = 26.0*C
Hum = 40.8%
20250319 13:06:43.448026
Timesync failed: 5
Timesync failed. Restarting service
Temp = 25.9*C
Hum = 40.8%
20250319 13:06:48.925680
Timesync failed: 1
Temp = 26.0*C
Hum = 40.8%
20250319 13:06:54.713850
Timesync failed: 2
Temp = 25.9*C
Hum = 40.7%
20250319 13:07:00.012020
Timesync failed: 3
Temp = 25.9*C
Hum = 40.7%
20250319 13:07:05.313838
Timesync failed: 4
Temp = 25.9*C
Hum = 40.7%
20250319 13:07:10.607128
Timesync failed: 5
Timesync failed. Restarting service
Temp = 25.9*C
Hum = 40.7%
20250319 13:07:16.116963
Timesync failed: 1
Temp = 25.8*C
Hum = 40.7%
20250319 13:07:21.414806
Timesync failed: 2
Temp = 25.8*C
Hum = 40.8%
20250319 13:07:26.712125
Timesync failed: 3
Temp = 25.8*C
Hum = 40.8%
20250319 13:07:32.006645
Timesync failed: 4
Temp = 25.8*C
Hum = 40.9%
20250319 13:07:37.305874
Timesync failed: 5
Timesync failed. Restarting service
Checksum did not validate. Try again.
20250319 13:07:42.812358
Timesync failed: 1
Temp = 25.7*C
Hum = 41.1%
20250319 13:07:48.110366
Timesync failed: 2
Temp = 25.7*C
Hum = 41.2%
20250319 13:07:53.407266
Timesync failed: 3
Temp = 25.7*C
Hum = 41.1%
20250319 13:07:58.700515
Timesync failed: 4
Temp = 25.7*C
Hum = 41.1%
20250319 13:08:03.996814
Timesync failed: 5
Timesync failed. Restarting service
Temp = 25.7*C
Hum = 41.1%
20250319 13:08:09.516146
Timesync failed: 1
Temp = 25.7*C
Hum = 41.1%
20250319 13:08:14.813239
Timesync failed: 2
Temp = 25.7*C
Hum = 41.1%
20250319 13:08:20.106128
Timesync failed: 3
Temp = 25.7*C
Hum = 41.1%
20250319 13:08:25.405394
Timesync failed: 4
Temp = 25.7*C
Hum = 41.0%
20250319 13:08:30.702023
Timesync failed: 5
Timesync failed. Restarting service
Temp = 25.7*C
Hum = 41.0%
20250319 13:08:36.288237
Timesync failed: 1
Temp = 25.8*C
Hum = 41.0%
20250319 13:08:41.643907
Timesync failed: 2
Temp = 25.8*C
Hum = 41.0%
20250319 13:08:46.941726
Timesync failed: 3
Temp = 25.8*C
Hum = 41.0%
20250319 13:08:52.235003
Timesync failed: 4
Temp = 25.8*C
Hum = 41.0%
20250319 13:08:57.531913
Timesync failed: 5
Timesync failed. Restarting service
Temp = 25.8*C
Hum = 40.9%
20250319 13:09:03.099244
Timesync failed: 1
Temp = 25.8*C
Hum = 40.8%
20250319 13:09:08.403900
Timesync failed: 2
Temp = 25.8*C
Hum = 40.9%
20250319 13:09:13.697816
Timesync failed: 3
Temp = 25.8*C
Hum = 40.8%
20250319 13:09:19.039986
Timesync failed: 4
Temp = 25.8*C
Hum = 40.8%
20250319 13:09:24.337910
Timesync failed: 5
Timesync failed. Restarting service
Temp = 25.8*C
Hum = 40.7%
20250319 13:09:29.813930
Timesync failed: 1
Temp = 25.8*C
Hum = 40.7%
20250319 13:09:35.132032
Timesync failed: 2
Temp = 25.8*C
Hum = 40.7%
20250319 13:09:40.432815
Timesync failed: 3
Temp = 25.8*C
Hum = 40.7%
20250319 13:09:45.730112
Timesync failed: 4
Temp = 25.8*C
Hum = 40.7%
20250319 13:09:51.059942
Timesync failed: 5
Timesync failed. Restarting service
Temp = 25.8*C
Hum = 40.7%
20250319 13:09:56.590337
Timesync failed: 1
Temp = 25.8*C
Hum = 40.7%
20250319 13:10:01.882519
Timesync failed: 2
Temp = 25.8*C
Hum = 40.7%
20250319 13:10:07.235886
Timesync failed: 3
Temp = 25.8*C
Hum = 40.7%
20250319 13:10:12.612396
Timesync failed: 4
Temp = 25.8*C
Hum = 40.7%
20250319 13:10:17.909691
Timesync failed: 5
Timesync failed. Restarting service
Temp = 25.8*C
Hum = 40.7%
20250319 13:10:23.459952
Timesync failed: 1
Temp = 25.8*C
Hum = 40.6%
20250319 13:10:28.765482
Timesync failed: 2
Temp = 25.7*C
Hum = 40.7%
20250319 13:10:34.062533
Timesync failed: 3
Temp = 25.8*C
Hum = 40.6%
20250319 13:10:39.358582
Timesync failed: 4
Temp = 25.7*C
Hum = 40.6%
20250319 13:10:44.655577
Timesync failed: 5
Timesync failed. Restarting service
Temp = 25.7*C
Hum = 40.7%
20250319 13:10:50.138529
Timesync failed: 1
Temp = 25.7*C
Hum = 40.7%
20250319 13:10:55.445072
Timesync failed: 2
Temp = 25.7*C
Hum = 40.6%
20250319 13:11:00.737836
Timesync failed: 3
Temp = 25.7*C
Hum = 40.7%
20250319 13:11:06.038070
Timesync failed: 4
Temp = 25.7*C
Hum = 40.6%
20250319 13:11:11.337790
Timesync failed: 5
Timesync failed. Restarting service
Temp = 25.7*C
Hum = 40.7%
20250319 13:11:16.848241
Timesync failed: 1
Temp = 25.7*C
Hum = 40.6%
20250319 13:11:22.147968
Timesync failed: 2
Temp = 25.7*C
Hum = 40.6%
20250319 13:11:27.444423
Timesync failed: 3
Temp = 25.6*C
Hum = 40.6%
20250319 13:11:32.737817
Timesync failed: 4
Temp = 25.7*C
Hum = 40.7%
20250319 13:11:38.036213
Timesync failed: 5
Timesync failed. Restarting service
Temp = 25.6*C
Hum = 40.7%
20250319 13:11:43.510362
Timesync failed: 1
Temp = 25.6*C
Hum = 40.7%
20250319 13:11:48.803866
Timesync failed: 2
Temp = 25.6*C
Hum = 40.8%
20250319 13:11:54.117507
Timesync failed: 3
Temp = 25.6*C
Hum = 40.7%
20250319 13:11:59.415982
Timesync failed: 4
Temp = 25.6*C
Hum = 40.7%
20250319 13:12:04.712205
Timesync failed: 5
Timesync failed. Restarting service
Temp = 25.6*C
Hum = 40.7%
20250319 13:12:10.218923
Timesync failed: 1
Temp = 25.6*C
Hum = 40.7%
20250319 13:12:15.516084
Timesync failed: 2
Temp = 25.6*C
Hum = 40.7%
20250319 13:12:20.812820
Timesync failed: 3
Temp = 25.6*C
Hum = 40.7%
20250319 13:12:26.110618
Timesync failed: 4
Temp = 25.6*C
Hum = 40.7%
20250319 13:12:31.408083
Timesync failed: 5
Timesync failed. Restarting service
Temp = 25.6*C
Hum = 40.7%
20250319 13:12:36.925897
Timesync failed: 1
Temp = 25.6*C
Hum = 40.7%
20250319 13:12:42.222361
Timesync failed: 2
Temp = 25.6*C
Hum = 40.7%
20250319 13:12:47.519657
Timesync failed: 3
Temp = 25.6*C
Hum = 40.7%
20250319 13:12:52.871938
Timesync failed: 4
Temp = 25.6*C
Hum = 40.7%
20250319 13:12:58.173950
Timesync failed: 5
Timesync failed. Restarting service
Temp = 25.6*C
Hum = 40.7%
20250319 13:13:03.703993
Timesync failed: 1
Temp = 25.6*C
Hum = 40.6%
20250319 13:13:08.996251
Timesync failed: 2
Temp = 25.7*C
Hum = 40.6%
20250319 13:13:14.292428
Timesync failed: 3
Temp = 25.6*C
Hum = 40.6%
20250319 13:13:19.673890
Timesync failed: 4
Temp = 25.7*C
Hum = 40.6%
20250319 13:13:24.971537
Timesync failed: 5
Timesync failed. Restarting service
Temp = 25.7*C
Hum = 40.5%
20250319 13:13:30.464542
Timesync failed: 1
Temp = 25.7*C
Hum = 40.5%
20250319 13:13:35.844208
Timesync failed: 2
Temp = 25.7*C
Hum = 40.5%
20250319 13:13:41.150253
Timesync failed: 3
Temp = 25.7*C
Hum = 40.4%
20250319 13:13:46.446725
Timesync failed: 4
Temp = 25.7*C
Hum = 40.4%
20250319 13:13:51.743176
Timesync failed: 5
Timesync failed. Restarting service
Temp = 25.7*C
Hum = 40.4%
20250319 13:13:57.241977
Timesync failed: 1
Temp = 25.7*C
Hum = 40.4%
20250319 13:14:02.538816
Timesync failed: 2
Temp = 25.7*C
Hum = 40.4%
20250319 13:14:07.831879
Timesync failed: 3
Temp = 25.7*C
Hum = 40.4%
20250319 13:14:13.130126
Timesync failed: 4
Temp = 25.7*C
Hum = 40.4%
20250319 13:14:18.427043
Timesync failed: 5
Timesync failed. Restarting service
Temp = 25.6*C
Hum = 40.5%
20250319 13:14:23.967822
Timesync failed: 1
Temp = 25.7*C
Hum = 40.5%
20250319 13:14:29.689765
Timesync failed: 2
Temp = 25.6*C
Hum = 40.4%
20250319 13:14:34.986999
Timesync failed: 3
Temp = 25.6*C
Hum = 40.4%
20250319 13:14:40.283723
Timesync failed: 4
Temp = 25.6*C
Hum = 40.4%
20250319 13:14:45.580538
Timesync failed: 5
Timesync failed. Restarting service
Temp = 25.6*C
Hum = 40.5%
20250319 13:14:51.109982
Timesync failed: 1
Temp = 25.6*C
Hum = 40.4%
20250319 13:14:56.407474
Timesync failed: 2
Temp = 25.6*C
Hum = 40.5%
20250319 13:15:01.704189
Timesync failed: 3
Temp = 25.6*C
Hum = 40.5%
20250319 13:15:07.000661
Timesync failed: 4
Temp = 25.5*C
Hum = 40.5%
20250319 13:15:12.309274
Timesync failed: 5
Timesync failed. Restarting service
Temp = 25.5*C
Hum = 40.5%
20250319 13:15:17.789466
Timesync failed: 1
Temp = 25.5*C
Hum = 40.5%
20250319 13:15:23.087082
Timesync failed: 2
Temp = 25.5*C
Hum = 40.5%
20250319 13:15:28.385454
Timesync failed: 3
Temp = 25.5*C
Hum = 40.5%
20250319 13:15:33.681781
Timesync failed: 4
Temp = 25.5*C
Hum = 40.5%
20250319 13:15:38.978186
Timesync failed: 5
Timesync failed. Restarting service
Temp = 25.4*C
Hum = 40.6%
20250319 13:15:44.463004
Timesync failed: 1
Temp = 25.4*C
Hum = 40.6%
20250319 13:15:49.756047
Timesync failed: 2
Temp = 25.4*C
Hum = 40.7%
20250319 13:15:55.049722
Timesync failed: 3
Temp = 25.3*C
Hum = 40.7%
20250319 13:16:00.346187
Timesync failed: 4
Temp = 25.3*C
Hum = 40.7%
20250319 13:16:05.638691
Timesync failed: 5
Timesync failed. Restarting service
Temp = 25.3*C
Hum = 40.8%
20250319 13:16:11.157111
Timesync failed: 1
Temp = 25.3*C
Hum = 40.8%
20250319 13:16:16.454376
Timesync failed: 2
Temp = 25.3*C
Hum = 40.9%
20250319 13:16:21.751318
Timesync failed: 3
Temp = 25.3*C
Hum = 40.8%
20250319 13:16:27.052620
Timesync failed: 4
Temp = 25.3*C
Hum = 40.9%
20250319 13:16:32.349013
Timesync failed: 5
Timesync failed. Restarting service
Temp = 25.3*C
Hum = 40.8%
20250319 13:16:37.816110
Timesync failed: 1
Temp = 25.3*C
Hum = 40.9%
20250319 13:16:43.112682
Timesync failed: 2
Temp = 25.3*C
Hum = 40.8%
20250319 13:16:48.733837
Timesync failed: 3
Temp = 25.3*C
Hum = 40.8%
20250319 13:16:54.033882
Timesync failed: 4
Temp = 25.3*C
Hum = 40.8%
20250319 13:16:59.330356
Timesync failed: 5
Timesync failed. Restarting service
Temp = 25.3*C
Hum = 40.8%
20250319 13:17:04.817923
Timesync failed: 1
Temp = 25.3*C
Hum = 40.8%
20250319 13:17:10.171905
Timesync failed: 2
Temp = 25.3*C
Hum = 40.8%
20250319 13:17:15.468674
Timesync failed: 3
Temp = 25.2*C
Hum = 40.8%
20250319 13:17:20.764210
Timesync failed: 4
Temp = 25.2*C
Hum = 40.8%
20250319 13:17:26.064104
Timesync failed: 5
Timesync failed. Restarting service
Temp = 25.2*C
Hum = 40.8%
20250319 13:17:31.618262
Timesync failed: 1
Temp = 25.2*C
Hum = 40.8%
20250319 13:17:36.916040
Timesync failed: 2
Temp = 25.2*C
Hum = 40.8%
20250319 13:17:42.213929
Timesync failed: 3
Temp = 25.2*C
Hum = 40.8%
20250319 13:17:47.510396
Timesync failed: 4
Temp = 25.2*C
Hum = 40.9%
20250319 13:17:52.807106
Timesync failed: 5
Timesync failed. Restarting service
Temp = 25.2*C
Hum = 40.9%
20250319 13:17:58.285713
Timesync failed: 1
Temp = 25.2*C
Hum = 40.9%
20250319 13:18:03.582914
Timesync failed: 2
Temp = 25.2*C
Hum = 40.9%
20250319 13:18:08.880710
Timesync failed: 3
Temp = 25.2*C
Hum = 41.0%
20250319 13:18:14.178241
Timesync failed: 4
Temp = 25.2*C
Hum = 41.0%
20250319 13:18:19.504905
Timesync failed: 5
Timesync failed. Restarting service
Temp = 25.2*C
Hum = 40.9%
20250319 13:18:25.015696
Timesync failed: 1
Temp = 25.1*C
Hum = 41.0%
20250319 13:18:30.367980
Timesync failed: 2
Temp = 25.2*C
Hum = 41.0%
20250319 13:18:35.665276
Timesync failed: 3
Temp = 25.2*C
Hum = 41.0%
20250319 13:18:40.963112
Timesync failed: 4
Temp = 25.2*C
Hum = 41.0%
20250319 13:18:46.261128
Timesync failed: 5
Timesync failed. Restarting service
Temp = 25.2*C
Hum = 41.0%
20250319 13:18:51.777656
Timesync failed: 1
Temp = 25.2*C
Hum = 41.0%
20250319 13:18:57.074773
Timesync failed: 2
Temp = 25.2*C
Hum = 40.9%
20250319 13:19:02.372189
Timesync failed: 3
Temp = 25.2*C
Hum = 40.9%
20250319 13:19:07.666989
Timesync failed: 4
Temp = 25.2*C
Hum = 40.9%
20250319 13:19:12.967294
Timesync failed: 5
Timesync failed. Restarting service
Temp = 25.2*C
Hum = 40.9%
20250319 13:19:18.486763
Timesync failed: 1
Temp = 25.2*C
Hum = 40.9%
20250319 13:19:23.784048
Timesync failed: 2
Temp = 25.2*C
Hum = 40.9%
20250319 13:19:29.077871
Timesync failed: 3
Temp = 25.2*C
Hum = 40.9%
20250319 13:19:34.375121
Timesync failed: 4
Temp = 25.2*C
Hum = 40.9%
20250319 13:19:39.671321
Timesync failed: 5
Timesync failed. Restarting service
Temp = 25.2*C
Hum = 40.9%
20250319 13:19:45.204063
Timesync failed: 1
Temp = 25.2*C
Hum = 40.9%
20250319 13:19:50.500545
Timesync failed: 2
Temp = 25.2*C
Hum = 40.9%
20250319 13:19:55.795310
Timesync failed: 3
Temp = 25.2*C
Hum = 40.9%
20250319 13:20:01.091434
Timesync failed: 4
Temp = 25.2*C
Hum = 40.8%
20250319 13:20:06.386610
Timesync failed: 5
Timesync failed. Restarting service
Temp = 25.3*C
Hum = 40.9%
20250319 13:20:11.907825
Timesync failed: 1
Temp = 25.2*C
Hum = 40.8%
20250319 13:20:17.199151
Timesync failed: 2
Temp = 25.2*C
Hum = 40.9%
20250319 13:20:22.495538
Timesync failed: 3
Temp = 25.2*C
Hum = 40.8%
20250319 13:20:27.788170
Timesync failed: 4
Temp = 25.2*C
Hum = 40.8%
20250319 13:20:33.127932
Timesync failed: 5
Timesync failed. Restarting service
Temp = 25.2*C
Hum = 40.8%
20250319 13:20:38.662091
Timesync failed: 1
Temp = 25.2*C
Hum = 40.8%
20250319 13:20:43.973476
Timesync failed: 2
Temp = 25.2*C
Hum = 40.8%
20250319 13:20:49.353220
Timesync failed: 3
Temp = 25.2*C
Hum = 40.9%
20250319 13:20:54.712095
Timesync failed: 4
Temp = 25.2*C
Hum = 40.9%
20250319 13:21:00.017901
Timesync failed: 5
Timesync failed. Restarting service
Temp = 25.2*C
Hum = 40.9%
20250319 13:21:05.515781
Timesync failed: 1
Temp = 25.2*C
Hum = 40.9%
20250319 13:21:10.812529
Timesync failed: 2
Temp = 25.2*C
Hum = 40.9%
20250319 13:21:16.109394
Timesync failed: 3
Temp = 25.2*C
Hum = 40.8%
20250319 13:21:21.529883
Timesync failed: 4
Temp = 25.2*C
Hum = 40.9%
20250319 13:21:26.827237
Timesync failed: 5
Timesync failed. Restarting service
Temp = 25.2*C
Hum = 40.9%
20250319 13:21:32.325237
Timesync failed: 1
Temp = 25.2*C
Hum = 40.9%
20250319 13:21:38.073850
Timesync failed: 2
Temp = 25.2*C
Hum = 40.9%
20250319 13:21:43.423911
Timesync failed: 3
Temp = 25.2*C
Hum = 40.8%
20250319 13:21:48.720380
Timesync failed: 4
Temp = 25.2*C
Hum = 40.9%
20250319 13:21:54.018495
Timesync failed: 5
Timesync failed. Restarting service
Temp = 25.2*C
Hum = 40.9%
20250319 13:21:59.539117
Timesync failed: 1
Temp = 25.2*C
Hum = 40.8%
20250319 13:22:04.857537
Timesync failed: 2
Temp = 25.2*C
Hum = 40.8%
20250319 13:22:10.235858
Timesync failed: 3
Temp = 25.2*C
Hum = 40.8%
20250319 13:22:15.529051
Timesync failed: 4
Temp = 25.2*C
Hum = 40.8%
20250319 13:22:20.822252
Timesync failed: 5
Timesync failed. Restarting service
Temp = 25.2*C
Hum = 40.8%
20250319 13:22:26.336985
Timesync failed: 1
Temp = 25.2*C
Hum = 40.8%
20250319 13:22:31.634166
Timesync failed: 2
Temp = 25.2*C
Hum = 40.7%
20250319 13:22:36.931378
Timesync failed: 3
Temp = 25.3*C
Hum = 40.8%
20250319 13:22:42.228115
Timesync failed: 4
Temp = 25.2*C
Hum = 40.7%
20250319 13:22:47.524544
Timesync failed: 5
Timesync failed. Restarting service
Temp = 25.2*C
Hum = 40.8%
20250319 13:22:53.056813
Timesync failed: 1
Temp = 25.2*C
Hum = 40.8%
20250319 13:22:58.353395
Timesync failed: 2
Temp = 25.2*C
Hum = 40.7%
20250319 13:23:03.650280
Timesync failed: 3
Temp = 25.2*C
Hum = 40.7%
20250319 13:23:08.957513
Timesync failed: 4
Temp = 25.2*C
Hum = 40.7%
20250319 13:23:14.307897
Timesync failed: 5
Timesync failed. Restarting service
Temp = 25.2*C
Hum = 40.8%
20250319 13:23:19.809976
Timesync failed: 1
Temp = 25.2*C
Hum = 40.8%
20250319 13:23:25.101603
Timesync failed: 2
Temp = 25.2*C
Hum = 40.8%
20250319 13:23:30.681821
Timesync failed: 3
Temp = 25.2*C
Hum = 40.8%
20250319 13:23:35.981902
Timesync failed: 4
Temp = 25.1*C
Hum = 40.8%
20250319 13:23:41.298222
Timesync failed: 5
Timesync failed. Restarting service
Temp = 25.1*C
Hum = 40.9%
20250319 13:23:46.790267
Timesync failed: 1
Temp = 25.1*C
Hum = 40.9%
20250319 13:23:52.091901
Timesync failed: 2
Temp = 25.1*C
Hum = 40.9%
20250319 13:23:57.389352
Timesync failed: 3
Temp = 25.1*C
Hum = 40.9%
20250319 13:24:02.686515
Timesync failed: 4
Temp = 25.1*C
Hum = 41.0%
20250319 13:24:07.984367
Timesync failed: 5
Timesync failed. Restarting service
Temp = 25.1*C
Hum = 41.0%
20250319 13:24:13.541878
Timesync failed: 1
Temp = 25.1*C
Hum = 41.0%
20250319 13:24:18.833899
Timesync failed: 2
Temp = 25.1*C
Hum = 41.0%
20250319 13:24:24.130764
Timesync failed: 3
Temp = 25.1*C
Hum = 41.0%
20250319 13:24:29.427189
Timesync failed: 4
Temp = 25.1*C
Hum = 41.0%
20250319 13:24:34.720726
Timesync failed: 5
Timesync failed. Restarting service
Temp = 25.1*C
Hum = 41.0%
20250319 13:24:40.240599
Timesync failed: 1
Temp = 25.1*C
Hum = 41.0%
20250319 13:24:45.531698
Timesync failed: 2
Temp = 25.1*C
Hum = 41.0%
20250319 13:24:50.828418
Timesync failed: 3
Temp = 25.1*C
Hum = 41.0%
20250319 13:24:56.217838
Timesync failed: 4
Temp = 25.2*C
Hum = 41.0%
20250319 13:25:01.514112
Timesync failed: 5
Timesync failed. Restarting service
Temp = 25.2*C
Hum = 40.9%
20250319 13:25:06.994761
Timesync failed: 1
Temp = 25.2*C
Hum = 40.9%
20250319 13:25:12.291603
Timesync failed: 2
Temp = 25.2*C
Hum = 41.0%
20250319 13:25:17.587597
Timesync failed: 3
Temp = 25.2*C
Hum = 40.9%
20250319 13:25:22.881157
Timesync failed: 4
Temp = 25.2*C
Hum = 40.8%
20250319 13:25:28.178262
Timesync failed: 5
Timesync failed. Restarting service
Temp = 25.2*C
Hum = 40.8%
20250319 13:25:33.661899
Timesync failed: 1
Temp = 25.2*C
Hum = 40.8%
20250319 13:25:38.960188
Timesync failed: 2
Temp = 25.2*C
Hum = 40.8%
20250319 13:25:44.257164
Timesync failed: 3
Temp = 25.2*C
Hum = 40.8%
20250319 13:25:49.598187
Timesync failed: 4
Temp = 25.2*C
Hum = 40.8%
20250319 13:25:54.895177
Timesync failed: 5
Timesync failed. Restarting service
Temp = 25.2*C
Hum = 40.8%
20250319 13:26:00.412229
Timesync failed: 1
Temp = 25.2*C
Hum = 40.7%
20250319 13:26:05.701631
Timesync failed: 2
Temp = 25.2*C
Hum = 40.8%
20250319 13:26:10.998133
Timesync failed: 3
Temp = 25.2*C
Hum = 40.8%
20250319 13:26:16.298673
Timesync failed: 4
Temp = 25.2*C
Hum = 40.8%
20250319 13:26:21.595090
Timesync failed: 5
Timesync failed. Restarting service
Temp = 25.2*C
Hum = 40.8%
20250319 13:26:27.088311
Timesync failed: 1
Temp = 25.2*C
Hum = 40.8%
20250319 13:26:32.385151
Timesync failed: 2
Temp = 25.2*C
Hum = 40.8%
20250319 13:26:37.681748
Timesync failed: 3
Temp = 25.2*C
Hum = 40.9%
20250319 13:26:42.977043
Timesync failed: 4
Temp = 25.2*C
Hum = 40.8%
20250319 13:26:48.273883
Timesync failed: 5
Timesync failed. Restarting service
Temp = 25.2*C
Hum = 40.9%
20250319 13:26:53.802267
Timesync failed: 1
Temp = 25.2*C
Hum = 40.8%
20250319 13:26:59.177708
Timesync failed: 2
Temp = 25.2*C
Hum = 40.8%
20250319 13:27:04.471221
Timesync failed: 3
Temp = 25.1*C
Hum = 40.8%
20250319 13:27:09.771752
Timesync failed: 4
Temp = 25.1*C
Hum = 40.8%
20250319 13:27:15.068440
Timesync failed: 5
Timesync failed. Restarting service
Temp = 25.1*C
Hum = 40.8%
20250319 13:27:20.603239
Timesync failed: 1
Temp = 25.1*C
Hum = 40.8%
20250319 13:27:25.900524
Timesync failed: 2
Temp = 25.1*C
Hum = 40.8%
20250319 13:27:31.201329
Timesync failed: 3
Temp = 25.1*C
Hum = 40.8%
20250319 13:27:36.499305
Timesync failed: 4
Temp = 25.1*C
Hum = 40.9%
20250319 13:27:41.796249
Timesync failed: 5
Timesync failed. Restarting service
Temp = 25.1*C
Hum = 40.8%
20250319 13:27:47.281826
Timesync failed: 1
Temp = 25.1*C
Hum = 40.9%
20250319 13:27:53.053908
Timesync failed: 2
Temp = 25.1*C
Hum = 40.9%
20250319 13:27:58.350919
Timesync failed: 3
Temp = 25.1*C
Hum = 41.0%
20250319 13:28:03.649839
Timesync failed: 4
Temp = 25.1*C
Hum = 41.0%
20250319 13:28:08.949916
Timesync failed: 5
Timesync failed. Restarting service
Temp = 25.1*C
Hum = 41.0%
20250319 13:28:14.487760
Timesync failed: 1
Temp = 25.1*C
Hum = 41.0%
20250319 13:28:19.782235
Timesync failed: 2
Temp = 25.1*C
Hum = 41.0%
20250319 13:28:25.116106
Timesync failed: 3
Temp = 25.1*C
Hum = 41.0%
20250319 13:28:30.413524
Timesync failed: 4
Temp = 25.1*C
Hum = 40.9%
20250319 13:28:35.710602
Timesync failed: 5
Timesync failed. Restarting service
Temp = 25.1*C
Hum = 41.0%
20250319 13:28:41.222124
Timesync failed: 1
Temp = 25.1*C
Hum = 41.0%
20250319 13:28:46.518749
Timesync failed: 2
Temp = 25.1*C
Hum = 40.9%
20250319 13:28:51.814103
Timesync failed: 3
Temp = 25.1*C
Hum = 40.9%
20250319 13:28:57.106746
Timesync failed: 4
Temp = 25.1*C
Hum = 40.9%
20250319 13:29:02.403822
Timesync failed: 5
Timesync failed. Restarting service
Temp = 25.1*C
Hum = 41.0%
20250319 13:29:07.935329
Timesync failed: 1
Temp = 25.1*C
Hum = 41.0%
20250319 13:29:13.227476
Timesync failed: 2
Temp = 25.0*C
Hum = 41.0%
20250319 13:29:18.525091
Timesync failed: 3
Temp = 25.0*C
Hum = 40.9%
20250319 13:29:23.866261
Timesync failed: 4
Temp = 25.0*C
Hum = 41.0%
20250319 13:29:29.245553
Timesync failed: 5
Timesync failed. Restarting service
Temp = 25.1*C
Hum = 41.0%
20250319 13:29:34.750959
Timesync failed: 1
Temp = 25.0*C
Hum = 41.0%
20250319 13:29:40.084190
Timesync failed: 2
Temp = 25.0*C
Hum = 41.0%
20250319 13:29:45.399902
Timesync failed: 3
Temp = 25.0*C
Hum = 41.0%
20250319 13:29:50.697360
Timesync failed: 4
Temp = 25.1*C
Hum = 41.0%
20250319 13:29:55.998262
Timesync failed: 5
Timesync failed. Restarting service
Temp = 25.1*C
Hum = 40.9%
20250319 13:30:01.501311
Timesync failed: 1
Temp = 25.1*C
Hum = 40.9%
20250319 13:30:06.867462
Timesync failed: 2
Temp = 25.0*C
Hum = 40.9%
20250319 13:30:12.381781
Timesync failed: 3
Temp = 25.0*C
Hum = 40.9%
20250319 13:30:17.678638
Timesync failed: 4
Temp = 25.0*C
Hum = 41.0%
20250319 13:30:23.031950
Timesync failed: 5
Timesync failed. Restarting service
Temp = 25.0*C
Hum = 41.0%
20250319 13:30:28.569892
Timesync failed: 1
Temp = 25.0*C
Hum = 41.0%
20250319 13:30:33.866920
Timesync failed: 2
Temp = 25.0*C
Hum = 41.0%
20250319 13:30:39.163549
Timesync failed: 3
Temp = 25.0*C
Hum = 41.0%
20250319 13:30:44.459532
Timesync failed: 4
Temp = 25.0*C
Hum = 41.0%
20250319 13:30:49.752598
Timesync failed: 5
Timesync failed. Restarting service
Temp = 25.0*C
Hum = 41.0%
20250319 13:30:55.335564
Timesync failed: 1
Temp = 25.0*C
Hum = 41.0%
20250319 13:31:00.683934
Timesync failed: 2
Temp = 25.0*C
Hum = 41.0%
20250319 13:31:05.984016
Timesync failed: 3
Temp = 25.0*C
Hum = 41.0%
20250319 13:31:11.284967
Timesync failed: 4
Temp = 25.0*C
Hum = 41.0%
20250319 13:31:16.639854
Timesync failed: 5
Timesync failed. Restarting service
Temp = 25.0*C
Hum = 41.0%
20250319 13:31:22.128067
Timesync failed: 1
Temp = 25.0*C
Hum = 41.0%
20250319 13:31:27.507011
Timesync failed: 2
Temp = 25.0*C
Hum = 41.0%
20250319 13:31:32.855999
Timesync failed: 3
Temp = 25.0*C
Hum = 41.0%
20250319 13:31:38.207943
Timesync failed: 4
Temp = 25.0*C
Hum = 41.0%
20250319 13:31:43.505366
Timesync failed: 5
Timesync failed. Restarting service
Temp = 25.0*C
Hum = 41.0%
20250319 13:31:49.016149
Timesync failed: 1
Temp = 25.0*C
Hum = 41.0%
20250319 13:31:54.329458
Timesync failed: 2
Temp = 25.0*C
Hum = 41.0%
20250319 13:31:59.659908
Timesync failed: 3
Temp = 25.0*C
Hum = 41.0%
20250319 13:32:04.958502
Timesync failed: 4
Temp = 25.0*C
Hum = 40.9%
20250319 13:32:10.257840
Timesync failed: 5
Timesync failed. Restarting service
Temp = 25.0*C
Hum = 41.0%
20250319 13:32:15.763497
Timesync failed: 1
Temp = 25.0*C
Hum = 41.0%
20250319 13:32:21.054551
Timesync failed: 2
Temp = 25.0*C
Hum = 41.0%
20250319 13:32:26.351247
Timesync failed: 3
Temp = 25.0*C
Hum = 41.0%
20250319 13:32:31.769803
Timesync failed: 4
Temp = 24.9*C
Hum = 40.9%
20250319 13:32:37.111938
Timesync failed: 5
Timesync failed. Restarting service
Temp = 25.0*C
Hum = 41.0%
20250319 13:32:42.651850
Timesync failed: 1
Temp = 25.0*C
Hum = 41.1%
20250319 13:32:47.943529
Timesync failed: 2
Temp = 25.0*C
Hum = 41.1%
20250319 13:32:53.239707
Timesync failed: 3
Temp = 25.0*C
Hum = 41.1%
20250319 13:32:58.536688
Timesync failed: 4
Temp = 25.0*C
Hum = 41.1%
20250319 13:33:03.891977
Timesync failed: 5
Timesync failed. Restarting service
Temp = 24.9*C
Hum = 41.1%
20250319 13:33:09.405915
Timesync failed: 1
Temp = 25.0*C
Hum = 41.1%
20250319 13:33:14.703145
Timesync failed: 2
Temp = 25.0*C
Hum = 41.1%
20250319 13:33:20.000630
Timesync failed: 3
Temp = 25.0*C
Hum = 41.1%
20250319 13:33:25.402257
Timesync failed: 4
Temp = 25.0*C
Hum = 41.1%
20250319 13:33:30.702200
Timesync failed: 5
Timesync failed. Restarting service
Temp = 25.0*C
Hum = 41.0%
20250319 13:33:36.226409
Timesync failed: 1
Temp = 25.0*C
Hum = 41.0%
20250319 13:33:41.523041
Timesync failed: 2
Temp = 25.0*C
Hum = 41.0%
20250319 13:33:46.820963
Timesync failed: 3
Temp = 25.0*C
Hum = 40.9%
20250319 13:33:52.118563
Timesync failed: 4
Temp = 25.0*C
Hum = 41.0%
20250319 13:33:57.415118
Timesync failed: 5
Timesync failed. Restarting service
Temp = 25.0*C
Hum = 41.0%
20250319 13:34:02.923228
Timesync failed: 1
Temp = 25.0*C
Hum = 41.0%
20250319 13:34:08.219457
Timesync failed: 2
Temp = 25.0*C
Hum = 41.0%
20250319 13:34:13.517401
Timesync failed: 3
Temp = 25.0*C
Hum = 41.0%
20250319 13:34:18.814886
Timesync failed: 4
Temp = 25.0*C
Hum = 41.0%
20250319 13:34:24.111715
Timesync failed: 5
Timesync failed. Restarting service
Temp = 25.0*C
Hum = 40.9%
20250319 13:34:29.649367
Timesync failed: 1
Temp = 25.0*C
Hum = 41.0%
20250319 13:34:34.941152
Timesync failed: 2
Temp = 25.0*C
Hum = 41.0%
20250319 13:34:40.239993
Timesync failed: 3
Temp = 25.0*C
Hum = 41.0%
20250319 13:34:45.536983
Timesync failed: 4
Temp = 25.0*C
Hum = 41.0%
20250319 13:34:50.830267
Timesync failed: 5
Timesync failed. Restarting service
Temp = 25.0*C
Hum = 41.0%
20250319 13:34:56.341161
Timesync failed: 1
Temp = 25.0*C
Hum = 41.0%
20250319 13:35:01.642198
Timesync failed: 2
Temp = 25.0*C
Hum = 41.0%
20250319 13:35:06.983909
Timesync failed: 3
Temp = 25.0*C
Hum = 41.0%
20250319 13:35:12.336002
Timesync failed: 4
Temp = 25.0*C
Hum = 41.0%
20250319 13:35:17.632845
Timesync failed: 5
Timesync failed. Restarting service
Temp = 25.0*C
Hum = 41.0%
20250319 13:35:23.127742
Timesync failed: 1
Temp = 25.0*C
Hum = 41.0%
20250319 13:35:28.423790
Timesync failed: 2
Temp = 25.0*C
Hum = 41.0%
20250319 13:35:34.009856
Timesync failed: 3
Temp = 25.0*C
Hum = 41.1%
20250319 13:35:39.389285
Timesync failed: 4
Temp = 25.0*C
Hum = 41.0%
20250319 13:35:44.673049
Timesync failed: 5
Timesync failed. Restarting service
Temp = 25.0*C
Hum = 41.1%
20250319 13:35:50.170263
Timesync failed: 1
Temp = 25.0*C
Hum = 41.1%
20250319 13:35:55.462558
Timesync failed: 2
Temp = 25.0*C
Hum = 41.1%
20250319 13:36:00.759939
Timesync failed: 3
Temp = 25.0*C
Hum = 41.1%
20250319 13:36:06.058065
Timesync failed: 4
Temp = 25.0*C
Hum = 41.1%
20250319 13:36:11.361772
Timesync failed: 5
Timesync failed. Restarting service
Temp = 25.0*C
Hum = 41.0%
20250319 13:36:16.896002
Timesync failed: 1
Temp = 25.1*C
Hum = 41.0%
20250319 13:36:22.193826
Timesync failed: 2
Temp = 25.0*C
Hum = 41.0%
20250319 13:36:27.572200
Timesync failed: 3
Temp = 25.0*C
Hum = 40.9%
20250319 13:36:32.862763
Timesync failed: 4
Temp = 25.0*C
Hum = 41.0%
20250319 13:36:38.170184
Timesync failed: 5
Timesync failed. Restarting service
Temp = 25.0*C
Hum = 41.0%
20250319 13:36:43.660899
Timesync failed: 1
Temp = 25.0*C
Hum = 41.0%
20250319 13:36:48.980040
Timesync failed: 2
Temp = 25.0*C
Hum = 40.9%
20250319 13:36:54.274067
Timesync failed: 3
Temp = 25.0*C
Hum = 41.0%
20250319 13:36:59.570958
Timesync failed: 4
Temp = 25.0*C
Hum = 41.0%
20250319 13:37:04.867297
Timesync failed: 5
Timesync failed. Restarting service
Temp = 25.1*C
Hum = 40.9%
20250319 13:37:10.365867
Timesync failed: 1
Temp = 25.1*C
Hum = 41.0%
20250319 13:37:15.663397
Timesync failed: 2
Temp = 25.1*C
Hum = 41.0%
20250319 13:37:20.957131
Timesync failed: 3
Temp = 25.1*C
Hum = 40.9%
20250319 13:37:26.311869
Timesync failed: 4
Temp = 25.2*C
Hum = 40.9%
20250319 13:37:31.611981
Timesync failed: 5
Timesync failed. Restarting service
Temp = 25.1*C
Hum = 40.9%
20250319 13:37:37.099379
Timesync failed: 1
Temp = 25.1*C
Hum = 40.9%
20250319 13:37:42.850265
Timesync failed: 2
Temp = 25.2*C
Hum = 40.8%
20250319 13:37:48.148361
Timesync failed: 3
Temp = 25.2*C
Hum = 40.8%
20250319 13:37:53.442248
Timesync failed: 4
Temp = 25.2*C
Hum = 40.8%
20250319 13:37:58.740449
Timesync failed: 5
Timesync failed. Restarting service
Temp = 25.2*C
Hum = 40.7%
20250319 13:38:04.265766
Timesync failed: 1
Temp = 25.2*C
Hum = 40.8%
20250319 13:38:09.563018
Timesync failed: 2
Temp = 25.2*C
Hum = 40.7%
20250319 13:38:15.133818
Timesync failed: 3
Temp = 25.2*C
Hum = 40.7%
20250319 13:38:20.426188
Timesync failed: 4
Temp = 25.2*C
Hum = 40.7%
20250319 13:38:25.734170
Timesync failed: 5
Timesync failed. Restarting service
Temp = 25.2*C
Hum = 40.8%
20250319 13:38:31.227701
Timesync failed: 1
Temp = 25.2*C
Hum = 40.7%
20250319 13:38:36.524016
Timesync failed: 2
Temp = 25.2*C
Hum = 40.7%
20250319 13:38:41.817873
Timesync failed: 3
Temp = 25.2*C
Hum = 40.7%
20250319 13:38:47.167931
Timesync failed: 4
Temp = 25.2*C
Hum = 40.7%
20250319 13:38:52.464680
Timesync failed: 5
Timesync failed. Restarting service
Temp = 25.2*C
Hum = 40.7%
20250319 13:38:57.981957
Timesync failed: 1
Temp = 25.1*C
Hum = 40.7%
20250319 13:39:03.285478
Timesync failed: 2
Temp = 25.2*C
Hum = 40.7%
20250319 13:39:08.857809
Timesync failed: 3
Temp = 25.1*C
Hum = 40.7%
20250319 13:39:14.165125
Timesync failed: 4
Temp = 25.2*C
Hum = 40.7%
20250319 13:39:19.473772
Timesync failed: 5
Timesync failed. Restarting service
Temp = 25.1*C
Hum = 40.7%
20250319 13:39:24.977910
Timesync failed: 1
Temp = 25.2*C
Hum = 40.7%
20250319 13:39:30.713802
Timesync failed: 2
Temp = 25.1*C
Hum = 40.7%
20250319 13:39:36.041862
Timesync failed: 3
Temp = 25.1*C
Hum = 40.7%
20250319 13:39:41.338267
Timesync failed: 4
Temp = 25.1*C
Hum = 40.7%
20250319 13:39:46.641856
Timesync failed: 5
Timesync failed. Restarting service
Temp = 25.1*C
Hum = 40.7%
20250319 13:39:52.154255
Timesync failed: 1
Temp = 25.1*C
Hum = 40.7%
20250319 13:39:57.479887
Timesync failed: 2
Temp = 25.1*C
Hum = 40.8%
20250319 13:40:02.831959
Timesync failed: 3
Temp = 25.1*C
Hum = 40.8%
20250319 13:40:08.210418
Timesync failed: 4
Temp = 25.0*C
Hum = 40.8%
20250319 13:40:13.555914
Timesync failed: 5
Timesync failed. Restarting service
Temp = 25.0*C
Hum = 40.8%
20250319 13:40:19.061916
Timesync failed: 1
Temp = 25.0*C
Hum = 40.8%
20250319 13:40:24.359509
Timesync failed: 2
Temp = 25.0*C
Hum = 40.8%
20250319 13:40:29.846260
Timesync failed: 3
Temp = 25.0*C
Hum = 40.9%
20250319 13:40:35.143684
Timesync failed: 4
Temp = 25.0*C
Hum = 40.9%
20250319 13:40:40.440602
Timesync failed: 5
Timesync failed. Restarting service
Temp = 24.9*C
Hum = 40.9%
20250319 13:40:46.000033
Timesync failed: 1
Temp = 24.9*C
Hum = 41.0%
20250319 13:40:51.378367
Timesync failed: 2
Temp = 24.9*C
Hum = 41.0%
20250319 13:40:56.703937
Timesync failed: 3
Temp = 24.9*C
Hum = 41.0%
20250319 13:41:02.001743
Timesync failed: 4
Temp = 24.9*C
Hum = 41.1%
20250319 13:41:07.298583
Timesync failed: 5
Timesync failed. Restarting service
Temp = 24.8*C
Hum = 41.2%
20250319 13:41:12.787079
Timesync failed: 1
Temp = 24.9*C
Hum = 41.1%
20250319 13:41:18.091872
Timesync failed: 2
Temp = 24.8*C
Hum = 41.2%
20250319 13:41:23.431899
Timesync failed: 3
Temp = 24.8*C
Hum = 41.3%
20250319 13:41:28.729147
Timesync failed: 4
Temp = 24.8*C
Hum = 41.3%
20250319 13:41:34.026024
Timesync failed: 5
Timesync failed. Restarting service
Temp = 24.8*C
Hum = 41.3%
20250319 13:41:39.551364
Timesync failed: 1
Temp = 24.9*C
Hum = 41.3%
20250319 13:41:44.848724
Timesync failed: 2
Temp = 24.8*C
Hum = 41.3%
20250319 13:41:50.203938
Timesync failed: 3
Temp = 24.8*C
Hum = 41.3%
20250319 13:41:55.547192
Timesync failed: 4
Temp = 24.8*C
Hum = 41.2%
20250319 13:42:00.892038
Timesync failed: 5
Timesync failed. Restarting service
Temp = 24.8*C
Hum = 41.3%
20250319 13:42:06.401879
Timesync failed: 1
Temp = 24.8*C
Hum = 41.3%
20250319 13:42:11.702247
Timesync failed: 2
Temp = 24.8*C
Hum = 41.4%
20250319 13:42:17.273806
Timesync failed: 3
Temp = 24.8*C
Hum = 41.3%
20250319 13:42:22.578236
Timesync failed: 4
Temp = 24.8*C
Hum = 41.4%
20250319 13:42:27.877813
Timesync failed: 5
Timesync failed. Restarting service
Temp = 24.8*C
Hum = 41.4%
20250319 13:42:33.781930
Timesync failed: 1
Temp = 24.8*C
Hum = 41.3%
20250319 13:42:39.078975
Timesync failed: 2
Temp = 24.8*C
Hum = 41.4%
20250319 13:42:44.393780
Timesync failed: 3
Temp = 24.8*C
Hum = 41.4%
20250319 13:42:49.690565
Timesync failed: 4
Temp = 24.8*C
Hum = 41.4%
20250319 13:42:55.002243
Timesync failed: 5
Timesync failed. Restarting service
Temp = 24.8*C
Hum = 41.4%
20250319 13:43:00.514870
Timesync failed: 1
Temp = 24.8*C
Hum = 41.4%
20250319 13:43:05.844001
Timesync failed: 2
Temp = 24.8*C
Hum = 41.4%
20250319 13:43:11.149155
Timesync failed: 3
Temp = 24.8*C
Hum = 41.4%
20250319 13:43:16.446873
Timesync failed: 4
Temp = 24.8*C
Hum = 41.4%
20250319 13:43:21.820335
Timesync failed: 5
Timesync failed. Restarting service
Temp = 24.8*C
Hum = 41.3%
20250319 13:43:27.337995
Timesync failed: 1
Temp = 24.8*C
Hum = 41.3%
20250319 13:43:32.635179
Timesync failed: 2
Temp = 24.7*C
Hum = 41.4%
20250319 13:43:37.932396
Timesync failed: 3
Temp = 24.7*C
Hum = 41.4%
20250319 13:43:43.226283
Timesync failed: 4
Temp = 24.7*C
Hum = 41.4%
20250319 13:43:48.524506
Timesync failed: 5
Timesync failed. Restarting service
Temp = 24.7*C
Hum = 41.5%
20250319 13:43:54.055531
Timesync failed: 1
Temp = 24.7*C
Hum = 41.5%
20250319 13:43:59.347345
Timesync failed: 2
Temp = 24.7*C
Hum = 41.5%
20250319 13:44:04.640670
Timesync failed: 3
Temp = 24.7*C
Hum = 41.5%
20250319 13:44:09.995904
Timesync failed: 4
Temp = 24.7*C
Hum = 41.5%
20250319 13:44:15.290245
Timesync failed: 5
Timesync failed. Restarting service
Temp = 24.7*C
Hum = 41.5%
20250319 13:44:20.773080
Timesync failed: 1
Temp = 24.7*C
Hum = 41.6%
20250319 13:44:26.070391
Timesync failed: 2
Temp = 24.7*C
Hum = 41.5%
20250319 13:44:31.367413
Timesync failed: 3
Temp = 24.7*C
Hum = 41.5%
20250319 13:44:36.793785
Timesync failed: 4
Temp = 24.7*C
Hum = 41.5%
20250319 13:44:42.082184
Timesync failed: 5
Timesync failed. Restarting service
Temp = 24.7*C
Hum = 41.5%
20250319 13:44:47.617943
Timesync failed: 1
Temp = 24.8*C
Hum = 41.5%
20250319 13:44:52.915522
Timesync failed: 2
Temp = 24.8*C
Hum = 41.5%
20250319 13:44:58.211942
Timesync failed: 3
Temp = 24.8*C
Hum = 41.5%
20250319 13:45:03.515896
Timesync failed: 4
Temp = 24.8*C
Hum = 41.4%
20250319 13:45:08.812883
Timesync failed: 5
Timesync failed. Restarting service
Temp = 24.8*C
Hum = 41.4%
20250319 13:45:14.336245
Timesync failed: 1
Temp = 24.8*C
Hum = 41.4%
20250319 13:45:19.829829
Timesync failed: 2
Temp = 24.8*C
Hum = 41.4%
20250319 13:45:25.177839
Timesync failed: 3
Temp = 24.8*C
Hum = 41.4%
20250319 13:45:30.475297
Timesync failed: 4
Temp = 24.8*C
Hum = 41.3%
20250319 13:45:35.768232
Timesync failed: 5
Timesync failed. Restarting service
Temp = 24.9*C
Hum = 41.3%
20250319 13:45:41.261837
Timesync failed: 1
Temp = 24.9*C
Hum = 41.3%
20250319 13:45:46.562692
Timesync failed: 2
Temp = 24.9*C
Hum = 41.3%
20250319 13:45:51.858844
Timesync failed: 3
Temp = 24.9*C
Hum = 41.2%
20250319 13:45:57.155365
Timesync failed: 4
Temp = 24.9*C
Hum = 41.2%
20250319 13:46:02.452739
Timesync failed: 5
Timesync failed. Restarting service
Temp = 24.9*C
Hum = 41.2%
20250319 13:46:07.964155
Timesync failed: 1
Temp = 25.0*C
Hum = 41.2%
20250319 13:46:13.262678
Timesync failed: 2
Temp = 25.0*C
Hum = 41.2%
20250319 13:46:18.557745
Timesync failed: 3
Temp = 25.0*C
Hum = 41.1%
20250319 13:46:23.851374
Timesync failed: 4
Temp = 25.0*C
Hum = 41.1%
20250319 13:46:29.147585
Timesync failed: 5
Timesync failed. Restarting service
Temp = 25.1*C
Hum = 41.1%
20250319 13:46:34.675512
Timesync failed: 1
Temp = 25.1*C
Hum = 41.0%
20250319 13:46:39.972237
Timesync failed: 2
Temp = 25.1*C
Hum = 40.9%
20250319 13:46:45.270621
Timesync failed: 3
Temp = 25.1*C
Hum = 40.9%
20250319 13:46:50.567070
Timesync failed: 4
Temp = 25.2*C
Hum = 40.9%
20250319 13:46:55.864197
Timesync failed: 5
Timesync failed. Restarting service
Temp = 25.2*C
Hum = 40.9%
20250319 13:47:01.378285
Timesync failed: 1
Temp = 25.2*C
Hum = 40.8%
20250319 13:47:06.727876
Timesync failed: 2
Temp = 25.2*C
Hum = 40.7%
20250319 13:47:12.022775
Timesync failed: 3
Temp = 25.2*C
Hum = 40.7%
20250319 13:47:17.318595
Timesync failed: 4
Temp = 25.3*C
Hum = 40.7%
20250319 13:47:22.616151
Timesync failed: 5
Timesync failed. Restarting service
Temp = 25.3*C
Hum = 40.6%
20250319 13:47:28.101422
Timesync failed: 1
Temp = 25.3*C
Hum = 40.6%
20250319 13:47:33.401829
Timesync failed: 2
Temp = 25.3*C
Hum = 40.6%
20250319 13:47:38.970284
Timesync failed: 3
Temp = 25.3*C
Hum = 40.5%
20250319 13:47:44.267857
Timesync failed: 4
Temp = 25.3*C
Hum = 40.5%
20250319 13:47:49.559285
Timesync failed: 5
Timesync failed. Restarting service
Temp = 25.3*C
Hum = 40.5%
20250319 13:47:55.046074
Timesync failed: 1
Temp = 25.3*C
Hum = 40.5%
20250319 13:48:00.457834
Timesync failed: 2
Temp = 25.3*C
Hum = 40.5%
20250319 13:48:05.749659
Timesync failed: 3
Temp = 25.3*C
Hum = 40.5%
20250319 13:48:11.066270
Timesync failed: 4
Temp = 25.3*C
Hum = 40.5%
20250319 13:48:16.407912
Timesync failed: 5
Timesync failed. Restarting service
Checksum did not validate. Try again.
20250319 13:48:21.970299
Timesync failed: 1
Temp = 25.3*C
Hum = 40.5%
20250319 13:48:27.269606
Timesync failed: 2
Temp = 25.3*C
Hum = 40.5%
20250319 13:48:32.562942
Timesync failed: 3
Temp = 25.3*C
Hum = 40.5%
20250319 13:48:37.859245
Timesync failed: 4
Temp = 25.3*C
Hum = 40.5%
20250319 13:48:43.156711
Timesync failed: 5
Timesync failed. Restarting service
Temp = 25.3*C
Hum = 40.5%
20250319 13:48:48.642435
Timesync failed: 1
Temp = 25.3*C
Hum = 40.5%
20250319 13:48:53.934239
Timesync failed: 2
Temp = 25.3*C
Hum = 40.6%
20250319 13:48:59.231440
Timesync failed: 3
Temp = 25.3*C
Hum = 40.5%
20250319 13:49:04.579736
Timesync failed: 4
Temp = 25.3*C
Hum = 40.6%
20250319 13:49:09.874109
Timesync failed: 5
Timesync failed. Restarting service
Temp = 25.3*C
Hum = 40.6%
20250319 13:49:15.379975
Timesync failed: 1
Temp = 25.3*C
Hum = 40.5%
20250319 13:49:20.670584
Timesync failed: 2
Temp = 25.2*C
Hum = 40.5%
20250319 13:49:25.962913
Timesync failed: 3
Temp = 25.2*C
Hum = 40.5%
20250319 13:49:31.258825
Timesync failed: 4
Temp = 25.2*C
Hum = 40.5%
20250319 13:49:36.563904
Timesync failed: 5
Timesync failed. Restarting service
Checksum did not validate. Try again.
20250319 13:49:42.049944
Timesync failed: 1
Temp = 25.2*C
Hum = 40.6%
20250319 13:49:47.347734
Timesync failed: 2
Temp = 25.2*C
Hum = 40.5%
20250319 13:49:52.644637
Timesync failed: 3
Temp = 25.2*C
Hum = 40.6%
20250319 13:49:58.077795
Timesync failed: 4
Temp = 25.2*C
Hum = 40.6%
20250319 13:50:03.374235
Timesync failed: 5
Timesync failed. Restarting service
Temp = 25.2*C
Hum = 40.6%
20250319 13:50:08.877776
Timesync failed: 1
Temp = 25.2*C
Hum = 40.6%
20250319 13:50:14.175399
Timesync failed: 2
Temp = 25.2*C
Hum = 40.6%
20250319 13:50:19.472281
Timesync failed: 3
Temp = 25.2*C
Hum = 40.6%
20250319 13:50:24.769970
Timesync failed: 4
Temp = 25.2*C
Hum = 40.6%
20250319 13:50:30.066257
Timesync failed: 5
Timesync failed. Restarting service
Temp = 25.2*C
Hum = 40.6%
20250319 13:50:35.566330
Timesync failed: 1
Temp = 25.2*C
Hum = 40.7%
20250319 13:50:40.903898
Timesync failed: 2
Temp = 25.2*C
Hum = 40.7%
20250319 13:50:46.213474
Timesync failed: 3
Temp = 25.2*C
Hum = 40.7%
20250319 13:50:51.565861
Timesync failed: 4
Temp = 25.2*C
Hum = 40.7%
20250319 13:50:56.865850
Timesync failed: 5
Timesync failed. Restarting service
Temp = 25.2*C
Hum = 40.7%
20250319 13:51:02.869890
Timesync failed: 1
Temp = 25.2*C
Hum = 40.7%
20250319 13:51:08.167537
Timesync failed: 2
Temp = 25.2*C
Hum = 40.7%
20250319 13:51:13.519817
Timesync failed: 3
Temp = 25.2*C
Hum = 40.7%
20250319 13:51:18.813569
Timesync failed: 4
Temp = 25.2*C
Hum = 40.7%
20250319 13:51:24.110177
Timesync failed: 5
Timesync failed. Restarting service
Temp = 25.2*C
Hum = 40.7%
20250319 13:51:29.644641
Timesync failed: 1
Temp = 25.2*C
Hum = 40.7%
20250319 13:51:34.941873
Timesync failed: 2
Temp = 25.2*C
Hum = 40.7%
20250319 13:51:40.234663
Timesync failed: 3
Temp = 25.2*C
Hum = 40.6%
20250319 13:51:45.629766
Timesync failed: 4
Temp = 25.2*C
Hum = 40.7%
20250319 13:51:50.944000
Timesync failed: 5
Timesync failed. Restarting service
Temp = 25.2*C
Hum = 40.7%
20250319 13:51:56.458060
Timesync failed: 1
Temp = 25.2*C
Hum = 40.6%
20250319 13:52:01.755762
Timesync failed: 2
Temp = 25.2*C
Hum = 40.7%
20250319 13:52:07.049891
Timesync failed: 3
Temp = 25.2*C
Hum = 40.6%
20250319 13:52:12.441785
Timesync failed: 4
Temp = 25.2*C
Hum = 40.6%
20250319 13:52:17.737722
Timesync failed: 5
Timesync failed. Restarting service
Temp = 25.3*C
Hum = 40.5%
20250319 13:52:23.223108
Timesync failed: 1
Temp = 25.3*C
Hum = 40.6%
20250319 13:52:28.520840
Timesync failed: 2
Temp = 25.3*C
Hum = 40.5%
20250319 13:52:34.105823
Timesync failed: 3
Temp = 25.3*C
Hum = 40.5%
20250319 13:52:39.396608
Timesync failed: 4
Temp = 25.3*C
Hum = 40.5%
20250319 13:52:44.693833
Timesync failed: 5
Timesync failed. Restarting service
Temp = 25.3*C
Hum = 40.5%
20250319 13:52:50.208031
Timesync failed: 1
Temp = 25.3*C
Hum = 40.5%
20250319 13:52:55.504773
Timesync failed: 2
Temp = 25.3*C
Hum = 40.5%
20250319 13:53:00.798974
Timesync failed: 3
Temp = 25.3*C
Hum = 40.5%
20250319 13:53:06.096323
Timesync failed: 4
Temp = 25.3*C
Hum = 40.5%
20250319 13:53:11.399935
Timesync failed: 5
Timesync failed. Restarting service
Temp = 25.3*C
Hum = 40.5%
20250319 13:53:16.909953
Timesync failed: 1
Temp = 25.3*C
Hum = 40.4%
20250319 13:53:22.205735
Timesync failed: 2
Temp = 25.3*C
Hum = 40.4%
20250319 13:53:27.498877
Timesync failed: 3
Temp = 25.3*C
Hum = 40.4%
20250319 13:53:32.795621
Timesync failed: 4
Temp = 25.3*C
Hum = 40.4%
20250319 13:53:38.143931
Timesync failed: 5
Timesync failed. Restarting service
Temp = 25.3*C
Hum = 40.4%
20250319 13:53:43.742269
Timesync failed: 1
Temp = 25.3*C
Hum = 40.4%
20250319 13:53:49.079616
Timesync failed: 2
Temp = 25.3*C
Hum = 40.4%
20250319 13:53:54.458110
Timesync failed: 3
Temp = 25.2*C
Hum = 40.5%
20250319 13:53:59.754170
Timesync failed: 4
Temp = 25.2*C
Hum = 40.5%
20250319 13:54:05.099889
Timesync failed: 5
Timesync failed. Restarting service
Temp = 25.2*C
Hum = 40.5%
20250319 13:54:10.676276
Timesync failed: 1
Temp = 25.2*C
Hum = 40.6%
20250319 13:54:15.968178
Timesync failed: 2
Temp = 25.2*C
Hum = 40.6%
20250319 13:54:21.268583
Timesync failed: 3
Temp = 25.2*C
Hum = 40.6%
20250319 13:54:26.619866
Timesync failed: 4
Temp = 25.3*C
Hum = 40.6%
20250319 13:54:31.971936
Timesync failed: 5
Timesync failed. Restarting service
Temp = 25.3*C
Hum = 40.6%
20250319 13:54:37.456987
Timesync failed: 1
Temp = 25.3*C
Hum = 40.6%
20250319 13:54:42.753516
Timesync failed: 2
Temp = 25.3*C
Hum = 40.5%
20250319 13:54:48.054424
Timesync failed: 3
Temp = 25.3*C
Hum = 40.5%
20250319 13:54:53.351445
Timesync failed: 4
Temp = 25.3*C
Hum = 40.5%
20250319 13:54:58.644740
Timesync failed: 5
Timesync failed. Restarting service
Temp = 25.4*C
Hum = 40.5%
20250319 13:55:04.134787
Timesync failed: 1
Temp = 25.4*C
Hum = 40.5%
20250319 13:55:09.431937
Timesync failed: 2
Temp = 25.4*C
Hum = 40.5%
20250319 13:55:14.728757
Timesync failed: 3
Temp = 25.5*C
Hum = 40.4%
20250319 13:55:20.025393
Timesync failed: 4
Temp = 25.5*C
Hum = 40.4%
20250319 13:55:25.322183
Timesync failed: 5
Timesync failed. Restarting service
Temp = 25.5*C
Hum = 40.4%
20250319 13:55:30.910299
Timesync failed: 1
Temp = 25.5*C
Hum = 40.3%
20250319 13:55:36.202512
Timesync failed: 2
Temp = 25.5*C
Hum = 40.3%
20250319 13:55:41.495444
Timesync failed: 3
Temp = 25.5*C
Hum = 40.3%
20250319 13:55:46.791465
Timesync failed: 4
Temp = 25.5*C
Hum = 40.3%
20250319 13:55:52.089852
Timesync failed: 5
Timesync failed. Restarting service
Checksum did not validate. Try again.
20250319 13:55:57.643751
Timesync failed: 1
Temp = 25.6*C
Hum = 40.2%
20250319 13:56:02.999826
Timesync failed: 2
Temp = 25.6*C
Hum = 40.1%
20250319 13:56:08.297255
Timesync failed: 3
Temp = 25.6*C
Hum = 40.1%
20250319 13:56:13.595896
Timesync failed: 4
Temp = 25.6*C
Hum = 40.1%
20250319 13:56:18.974013
Timesync failed: 5
Timesync failed. Restarting service
Temp = 25.6*C
Hum = 40.1%
20250319 13:56:24.475918
Timesync failed: 1
Temp = 25.6*C
Hum = 40.1%
20250319 13:56:29.772355
Timesync failed: 2
Temp = 25.7*C
Hum = 40.0%
20250319 13:56:35.073276
Timesync failed: 3
Temp = 25.6*C
Hum = 40.0%
20250319 13:56:40.366832
Timesync failed: 4
Temp = 25.6*C
Hum = 40.0%
20250319 13:56:45.664031
Timesync failed: 5
Timesync failed. Restarting service
Temp = 25.6*C
Hum = 40.0%
20250319 13:56:51.247449
Timesync failed: 1
Temp = 25.6*C
Hum = 39.9%
20250319 13:56:56.850185
Timesync failed: 2
Temp = 25.6*C
Hum = 39.9%
20250319 13:57:02.150165
Timesync failed: 3
Temp = 25.6*C
Hum = 39.9%
20250319 13:57:07.443107
Timesync failed: 4
Temp = 25.7*C
Hum = 39.9%
20250319 13:57:12.739224
Timesync failed: 5
Timesync failed. Restarting service
Temp = 25.7*C
Hum = 39.9%
20250319 13:57:18.276812
Timesync failed: 1
Temp = 25.7*C
Hum = 39.9%
20250319 13:57:23.573386
Timesync failed: 2
Temp = 25.7*C
Hum = 39.9%
20250319 13:57:28.871034
Timesync failed: 3
Temp = 25.7*C
Hum = 39.9%
20250319 13:57:34.164005
Timesync failed: 4
Temp = 25.7*C
Hum = 39.9%
20250319 13:57:39.457412
Timesync failed: 5
Timesync failed. Restarting service
Temp = 25.7*C
Hum = 39.9%
20250319 13:57:44.950270
Timesync failed: 1
Temp = 25.7*C
Hum = 39.9%
20250319 13:57:50.247601
Timesync failed: 2
Temp = 25.7*C
Hum = 39.9%
20250319 13:57:55.546682
Timesync failed: 3
Temp = 25.7*C
Hum = 39.8%
20250319 13:58:00.839550
Timesync failed: 4
Temp = 25.7*C
Hum = 39.8%
20250319 13:58:06.137449
Timesync failed: 5
Timesync failed. Restarting service
Temp = 25.7*C
Hum = 39.8%
20250319 13:58:11.618451
Timesync failed: 1
Temp = 25.7*C
Hum = 39.8%
20250319 13:58:16.914927
Timesync failed: 2
Temp = 25.7*C
Hum = 39.7%
20250319 13:58:22.210152
Timesync failed: 3
Temp = 25.7*C
Hum = 39.8%
20250319 13:58:27.506198
Timesync failed: 4
Temp = 25.7*C
Hum = 39.8%
20250319 13:58:32.802861
Timesync failed: 5
Timesync failed. Restarting service
Temp = 25.7*C
Hum = 39.8%
20250319 13:58:38.282565
Timesync failed: 1
Temp = 25.7*C
Hum = 39.8%
20250319 13:58:43.580307
Timesync failed: 2
Temp = 25.7*C
Hum = 39.8%
20250319 13:58:48.877608
Timesync failed: 3
Temp = 25.6*C
Hum = 39.8%
20250319 13:58:54.223915
Timesync failed: 4
Temp = 25.6*C
Hum = 39.8%
20250319 13:58:59.521256
Timesync failed: 5
Timesync failed. Restarting service
Temp = 25.6*C
Hum = 39.8%
20250319 13:59:05.051587
Timesync failed: 1
Temp = 25.6*C
Hum = 39.9%
20250319 13:59:10.349251
Timesync failed: 2
Temp = 25.6*C
Hum = 39.9%
20250319 13:59:15.646260
Timesync failed: 3
Temp = 25.6*C
Hum = 39.9%
20250319 13:59:20.944442
Timesync failed: 4
Temp = 25.6*C
Hum = 39.9%
20250319 13:59:26.241248
Timesync failed: 5
Timesync failed. Restarting service
Temp = 25.6*C
Hum = 39.9%
20250319 13:59:31.724922
Timesync failed: 1
Temp = 25.6*C
Hum = 40.0%
20250319 13:59:37.022828
Timesync failed: 2
Temp = 25.6*C
Hum = 39.9%
20250319 13:59:42.367910
Timesync failed: 3
Temp = 25.5*C
Hum = 39.9%
20250319 13:59:47.733811
Timesync failed: 4
Temp = 25.5*C
Hum = 40.0%
20250319 13:59:53.031155
Timesync failed: 5
Timesync failed. Restarting service
Temp = 25.5*C
Hum = 40.0%
20250319 13:59:58.510462
Timesync failed: 1
Temp = 25.5*C
Hum = 40.0%
20250319 14:00:03.859920
Timesync failed: 2
Temp = 25.5*C
Hum = 40.0%
20250319 14:00:09.157137
Timesync failed: 3
Temp = 25.5*C
Hum = 40.1%
20250319 14:00:14.453712
Timesync failed: 4
Temp = 25.4*C
Hum = 40.1%
20250319 14:00:19.752283
Timesync failed: 5
Timesync failed. Restarting service
Checksum did not validate. Try again.
20250319 14:00:25.307469
Timesync failed: 1
Temp = 25.4*C
Hum = 40.2%
20250319 14:00:30.601392
Timesync failed: 2
Temp = 25.4*C
Hum = 40.2%
20250319 14:00:35.986253
Timesync failed: 3
Temp = 25.4*C
Hum = 40.3%
Shutdown Detected
File Already Exists
20250319 14:00:41.245267
Timesync failed: 1
Temp = 24.7*C
Hum = 42.9%
20250319 14:00:46.679157
Timesync failed: 2
Temp = 24.6*C
Hum = 45.0%
20250319 14:00:51.951460
Timesync failed: 3
Temp = 24.6*C
Hum = 44.8%
20250319 14:00:57.225741
Timesync failed: 4
Temp = 24.6*C
Hum = 44.7%
20250319 14:01:02.498015
Timesync failed: 5
Timesync failed. Restarting service
Temp = 24.6*C
Hum = 44.5%
20250319 14:08:24.540925
Temp = 24.7*C
Hum = 44.1%
20250319 14:08:29.920059
Timesync failed: 1
Temp = 24.6*C
Hum = 44.0%
20250319 14:08:35.255858
Timesync failed: 2
Temp = 24.7*C
Hum = 43.9%
20250319 14:08:40.570900
Timesync failed: 3
Temp = 24.7*C
Hum = 43.7%
20250319 14:08:45.824803
Timesync failed: 4
Temp = 24.7*C
Hum = 43.7%
20250319 14:08:51.078662
Timesync failed: 5
Timesync failed. Restarting service
Temp = 24.7*C
Hum = 43.6%
20250319 14:08:56.588514
Timesync failed: 1
Temp = 24.7*C
Hum = 43.6%
20250319 14:09:01.861480
Timesync failed: 2
Temp = 24.7*C
Hum = 43.6%
20250319 14:09:07.121015
Timesync failed: 3
Temp = 24.7*C
Hum = 43.6%
20250319 14:09:12.377107
Timesync failed: 4
Temp = 24.7*C
Hum = 43.6%
20250319 14:09:17.631134
Timesync failed: 5
Timesync failed. Restarting service
Temp = 24.7*C
Hum = 43.6%
20250319 14:09:23.130717
Timesync failed: 1
Temp = 24.7*C
Hum = 43.5%
20250319 14:09:28.384459
Timesync failed: 2
Temp = 24.7*C
Hum = 43.6%
Recieved Keyboard Interrupt
File Already Exists
20250319 14:17:48.986495
Timesync failed: 1
Temp = 24.7*C
Hum = 43.7%
20250319 14:17:54.434142
Timesync failed: 2
Temp = 25.0*C
Hum = 43.0%
20250319 14:17:59.705706
Timesync failed: 3
Checksum did not validate. Try again.
20250319 14:18:04.977577
Timesync failed: 4
Temp = 25.0*C
Hum = 43.0%
20250319 14:18:10.271276
Timesync failed: 5
Timesync failed. Restarting service
Temp = 25.0*C
Hum = 43.1%
20250319 14:18:31.200977
Temp = 25.0*C
Hum = 43.3%
Recieved Keyboard Interrupt
